<?xml version="1.0" encoding="UTF-8"?>
<testng-results skipped="0" failed="0" ignored="0" total="1" passed="1">
  <reporter-output>
  </reporter-output>
  <suite name="PositiveLogInTestSuite" duration-ms="14306" started-at="2020-12-31T03:00:43Z" finished-at="2020-12-31T03:00:57Z">
    <groups>
    </groups>
    <test name="PositiveLogInTest" duration-ms="14306" started-at="2020-12-31T03:00:43Z" finished-at="2020-12-31T03:00:57Z">
      <class name="com.doggywood.selenium.loginpagetests.PositiveLogInTests">
        <test-method status="PASS" signature="setUp(java.lang.String, org.testng.ITestContext)[pri:0, instance:com.doggywood.selenium.loginpagetests.PositiveLogInTests@76707e36]" name="setUp" is-config="true" duration-ms="9405" started-at="2020-12-31T03:00:43Z" finished-at="2020-12-31T03:00:52Z">
          <params>
            <param index="0">
              <value>
                <![CDATA[chrome]]>
              </value>
            </param>
            <param index="1">
              <value>
                <![CDATA[org.testng.TestRunner@1477089c]]>
              </value>
            </param>
          </params>
          <reporter-output>
          </reporter-output>
        </test-method> <!-- setUp -->
        <test-method status="PASS" signature="logInTest()[pri:0, instance:com.doggywood.selenium.loginpagetests.PositiveLogInTests@76707e36]" name="logInTest" duration-ms="4172" started-at="2020-12-31T03:00:52Z" finished-at="2020-12-31T03:00:56Z">
          <reporter-output>
          </reporter-output>
        </test-method> <!-- logInTest -->
        <test-method status="PASS" signature="tearDown()[pri:0, instance:com.doggywood.selenium.loginpagetests.PositiveLogInTests@76707e36]" name="tearDown" is-config="true" duration-ms="691" started-at="2020-12-31T03:00:56Z" finished-at="2020-12-31T03:00:57Z">
          <reporter-output>
          </reporter-output>
        </test-method> <!-- tearDown -->
      </class> <!-- com.doggywood.selenium.loginpagetests.PositiveLogInTests -->
    </test> <!-- PositiveLogInTest -->
  </suite> <!-- PositiveLogInTestSuite -->
</testng-results>
