<?xml version="1.0" encoding="UTF-8"?>
<testsuite name="jobtest.web.WebRunner" tests="1" skipped="0" failures="1" errors="0" timestamp="2020-04-30T02:27:20" hostname="Phaedros" time="57.895">
  <properties/>
  <testcase name="test()" classname="jobtest.web.WebRunner" time="57.895">
    <failure message="org.opentest4j.AssertionFailedError: failed features:&#10;jobtest.web.web1: web1.feature:6 - driver config / start failed: failed to get reply for: [id: 5, method: Browser.getWindowForTarget, params: {targetId=4076DDF0259A328B4EE1D4958D22DB07}], options: {type=chrome, showDriverLog=true, target=null}&#10; ==&gt; expected: &lt;0&gt; but was: &lt;1&gt;" type="org.opentest4j.AssertionFailedError">org.opentest4j.AssertionFailedError: failed features:
jobtest.web.web1: web1.feature:6 - driver config / start failed: failed to get reply for: [id: 5, method: Browser.getWindowForTarget, params: {targetId=4076DDF0259A328B4EE1D4958D22DB07}], options: {type=chrome, showDriverLog=true, target=null}
 ==&gt; expected: &lt;0&gt; but was: &lt;1&gt;
	at org.junit.jupiter.api.AssertionUtils.fail(AssertionUtils.java:55)
	at org.junit.jupiter.api.AssertionUtils.failNotEqual(AssertionUtils.java:62)
	at org.junit.jupiter.api.AssertEquals.assertEquals(AssertEquals.java:150)
	at org.junit.jupiter.api.Assertions.assertEquals(Assertions.java:542)
	at jobtest.web.WebRunner.test(WebRunner.java:27)
	at sun.reflect.NativeMethodAccessorImpl.invoke0(Native Method)
	at sun.reflect.NativeMethodAccessorImpl.invoke(NativeMethodAccessorImpl.java:62)
	at sun.reflect.DelegatingMethodAccessorImpl.invoke(DelegatingMethodAccessorImpl.java:43)
	at java.lang.reflect.Method.invoke(Method.java:498)
	at org.junit.platform.commons.util.ReflectionUtils.invokeMethod(ReflectionUtils.java:675)
	at org.junit.jupiter.engine.execution.MethodInvocation.proceed(MethodInvocation.java:60)
	at org.junit.jupiter.engine.execution.InvocationInterceptorChain$ValidatingInvocation.proceed(InvocationInterceptorChain.java:125)
	at org.junit.jupiter.engine.extension.TimeoutExtension.intercept(TimeoutExtension.java:132)
	at org.junit.jupiter.engine.extension.TimeoutExtension.interceptTestableMethod(TimeoutExtension.java:124)
	at org.junit.jupiter.engine.extension.TimeoutExtension.interceptTestMethod(TimeoutExtension.java:74)
	at org.junit.jupiter.engine.execution.ExecutableInvoker$ReflectiveInterceptorCall.lambda$ofVoidMethod$0(ExecutableInvoker.java:115)
	at org.junit.jupiter.engine.execution.ExecutableInvoker.lambda$invoke$0(ExecutableInvoker.java:105)
	at org.junit.jupiter.engine.execution.InvocationInterceptorChain$InterceptedInvocation.proceed(InvocationInterceptorChain.java:104)
	at org.junit.jupiter.engine.execution.InvocationInterceptorChain.proceed(InvocationInterceptorChain.java:62)
	at org.junit.jupiter.engine.execution.InvocationInterceptorChain.chainAndInvoke(InvocationInterceptorChain.java:43)
	at org.junit.jupiter.engine.execution.InvocationInterceptorChain.invoke(InvocationInterceptorChain.java:35)
	at org.junit.jupiter.engine.execution.ExecutableInvoker.invoke(ExecutableInvoker.java:104)
	at org.junit.jupiter.engine.execution.ExecutableInvoker.invoke(ExecutableInvoker.java:98)
	at org.junit.jupiter.engine.descriptor.TestMethodTestDescriptor.lambda$invokeTestMethod$6(TestMethodTestDescriptor.java:202)
	at org.junit.platform.engine.support.hierarchical.ThrowableCollector.execute(ThrowableCollector.java:73)
	at org.junit.jupiter.engine.descriptor.TestMethodTestDescriptor.invokeTestMethod(TestMethodTestDescriptor.java:198)
	at org.junit.jupiter.engine.descriptor.TestMethodTestDescriptor.execute(TestMethodTestDescriptor.java:135)
	at org.junit.jupiter.engine.descriptor.TestMethodTestDescriptor.execute(TestMethodTestDescriptor.java:69)
	at org.junit.platform.engine.support.hierarchical.NodeTestTask.lambda$executeRecursively$5(NodeTestTask.java:135)
	at org.junit.platform.engine.support.hierarchical.ThrowableCollector.execute(ThrowableCollector.java:73)
	at org.junit.platform.engine.support.hierarchical.NodeTestTask.lambda$executeRecursively$7(NodeTestTask.java:125)
	at org.junit.platform.engine.support.hierarchical.Node.around(Node.java:135)
	at org.junit.platform.engine.support.hierarchical.NodeTestTask.lambda$executeRecursively$8(NodeTestTask.java:123)
	at org.junit.platform.engine.support.hierarchical.ThrowableCollector.execute(ThrowableCollector.java:73)
	at org.junit.platform.engine.support.hierarchical.NodeTestTask.executeRecursively(NodeTestTask.java:122)
	at org.junit.platform.engine.support.hierarchical.NodeTestTask.execute(NodeTestTask.java:80)
	at java.util.ArrayList.forEach(ArrayList.java:1257)
	at org.junit.platform.engine.support.hierarchical.SameThreadHierarchicalTestExecutorService.invokeAll(SameThreadHierarchicalTestExecutorService.java:38)
	at org.junit.platform.engine.support.hierarchical.NodeTestTask.lambda$executeRecursively$5(NodeTestTask.java:139)
	at org.junit.platform.engine.support.hierarchical.ThrowableCollector.execute(ThrowableCollector.java:73)
	at org.junit.platform.engine.support.hierarchical.NodeTestTask.lambda$executeRecursively$7(NodeTestTask.java:125)
	at org.junit.platform.engine.support.hierarchical.Node.around(Node.java:135)
	at org.junit.platform.engine.support.hierarchical.NodeTestTask.lambda$executeRecursively$8(NodeTestTask.java:123)
	at org.junit.platform.engine.support.hierarchical.ThrowableCollector.execute(ThrowableCollector.java:73)
	at org.junit.platform.engine.support.hierarchical.NodeTestTask.executeRecursively(NodeTestTask.java:122)
	at org.junit.platform.engine.support.hierarchical.NodeTestTask.execute(NodeTestTask.java:80)
	at java.util.ArrayList.forEach(ArrayList.java:1257)
	at org.junit.platform.engine.support.hierarchical.SameThreadHierarchicalTestExecutorService.invokeAll(SameThreadHierarchicalTestExecutorService.java:38)
	at org.junit.platform.engine.support.hierarchical.NodeTestTask.lambda$executeRecursively$5(NodeTestTask.java:139)
	at org.junit.platform.engine.support.hierarchical.ThrowableCollector.execute(ThrowableCollector.java:73)
	at org.junit.platform.engine.support.hierarchical.NodeTestTask.lambda$executeRecursively$7(NodeTestTask.java:125)
	at org.junit.platform.engine.support.hierarchical.Node.around(Node.java:135)
	at org.junit.platform.engine.support.hierarchical.NodeTestTask.lambda$executeRecursively$8(NodeTestTask.java:123)
	at org.junit.platform.engine.support.hierarchical.ThrowableCollector.execute(ThrowableCollector.java:73)
	at org.junit.platform.engine.support.hierarchical.NodeTestTask.executeRecursively(NodeTestTask.java:122)
	at org.junit.platform.engine.support.hierarchical.NodeTestTask.execute(NodeTestTask.java:80)
	at org.junit.platform.engine.support.hierarchical.SameThreadHierarchicalTestExecutorService.submit(SameThreadHierarchicalTestExecutorService.java:32)
	at org.junit.platform.engine.support.hierarchical.HierarchicalTestExecutor.execute(HierarchicalTestExecutor.java:57)
	at org.junit.platform.engine.support.hierarchical.HierarchicalTestEngine.execute(HierarchicalTestEngine.java:51)
	at org.junit.platform.launcher.core.DefaultLauncher.execute(DefaultLauncher.java:220)
	at org.junit.platform.launcher.core.DefaultLauncher.lambda$execute$6(DefaultLauncher.java:188)
	at org.junit.platform.launcher.core.DefaultLauncher.withInterceptedStreams(DefaultLauncher.java:202)
	at org.junit.platform.launcher.core.DefaultLauncher.execute(DefaultLauncher.java:181)
	at org.junit.platform.launcher.core.DefaultLauncher.execute(DefaultLauncher.java:128)
	at org.gradle.api.internal.tasks.testing.junitplatform.JUnitPlatformTestClassProcessor$CollectAllTestClassesExecutor.processAllTestClasses(JUnitPlatformTestClassProcessor.java:102)
	at org.gradle.api.internal.tasks.testing.junitplatform.JUnitPlatformTestClassProcessor$CollectAllTestClassesExecutor.access$000(JUnitPlatformTestClassProcessor.java:82)
	at org.gradle.api.internal.tasks.testing.junitplatform.JUnitPlatformTestClassProcessor.stop(JUnitPlatformTestClassProcessor.java:78)
	at org.gradle.api.internal.tasks.testing.SuiteTestClassProcessor.stop(SuiteTestClassProcessor.java:61)
	at sun.reflect.NativeMethodAccessorImpl.invoke0(Native Method)
	at sun.reflect.NativeMethodAccessorImpl.invoke(NativeMethodAccessorImpl.java:62)
	at sun.reflect.DelegatingMethodAccessorImpl.invoke(DelegatingMethodAccessorImpl.java:43)
	at java.lang.reflect.Method.invoke(Method.java:498)
	at org.gradle.internal.dispatch.ReflectionDispatch.dispatch(ReflectionDispatch.java:36)
	at org.gradle.internal.dispatch.ReflectionDispatch.dispatch(ReflectionDispatch.java:24)
	at org.gradle.internal.dispatch.ContextClassLoaderDispatch.dispatch(ContextClassLoaderDispatch.java:33)
	at org.gradle.internal.dispatch.ProxyDispatchAdapter$DispatchingInvocationHandler.invoke(ProxyDispatchAdapter.java:94)
	at com.sun.proxy.$Proxy2.stop(Unknown Source)
	at org.gradle.api.internal.tasks.testing.worker.TestWorker.stop(TestWorker.java:132)
	at sun.reflect.NativeMethodAccessorImpl.invoke0(Native Method)
	at sun.reflect.NativeMethodAccessorImpl.invoke(NativeMethodAccessorImpl.java:62)
	at sun.reflect.DelegatingMethodAccessorImpl.invoke(DelegatingMethodAccessorImpl.java:43)
	at java.lang.reflect.Method.invoke(Method.java:498)
	at org.gradle.internal.dispatch.ReflectionDispatch.dispatch(ReflectionDispatch.java:36)
	at org.gradle.internal.dispatch.ReflectionDispatch.dispatch(ReflectionDispatch.java:24)
	at org.gradle.internal.remote.internal.hub.MessageHubBackedObjectConnection$DispatchWrapper.dispatch(MessageHubBackedObjectConnection.java:182)
	at org.gradle.internal.remote.internal.hub.MessageHubBackedObjectConnection$DispatchWrapper.dispatch(MessageHubBackedObjectConnection.java:164)
	at org.gradle.internal.remote.internal.hub.MessageHub$Handler.run(MessageHub.java:412)
	at org.gradle.internal.concurrent.ExecutorPolicy$CatchAndRecordFailures.onExecute(ExecutorPolicy.java:64)
	at org.gradle.internal.concurrent.ManagedExecutorImpl$1.run(ManagedExecutorImpl.java:48)
	at java.util.concurrent.ThreadPoolExecutor.runWorker(ThreadPoolExecutor.java:1149)
	at java.util.concurrent.ThreadPoolExecutor$Worker.run(ThreadPoolExecutor.java:624)
	at org.gradle.internal.concurrent.ThreadFactoryImpl$ManagedThreadRunnable.run(ThreadFactoryImpl.java:56)
	at java.lang.Thread.run(Thread.java:748)
</failure>
  </testcase>
  <system-out><![CDATA[22:27:21.188 [Test worker] INFO  com.intuit.karate.Runner - waiting for parallel features to complete ...
22:27:21.480 [ForkJoinPool-1-worker-1] DEBUG com.intuit.karate.shell.Command - found / verified free local port: 9222
22:27:21.483 [chrome_1588213641479] DEBUG c.i.k.driver.chrome_1588213641479 - command: [C:\Program Files (x86)\Google\Chrome\Application\chrome.exe, --remote-debugging-port=9222, --no-first-run, --user-data-dir=C:\w\www\git\java-rev\gradleKarate\build\chrome_1588213641479, --disable-popup-blocking]
22:27:21.487 [ForkJoinPool-1-worker-1] DEBUG c.i.k.driver.chrome_1588213641479 - poll attempt #0 for port to be ready - localhost:9222
22:27:21.704 [chrome_1588213641479] DEBUG c.i.k.driver.chrome_1588213641479 - 
22:27:21.732 [chrome_1588213641479] DEBUG c.i.k.driver.chrome_1588213641479 - DevTools listening on ws://127.0.0.1:9222/devtools/browser/f50bf760-dfdc-4b4e-8a13-b1500bdbd779
22:27:21.751 [chrome_1588213641479] DEBUG c.i.k.driver.chrome_1588213641479 - [11456:10640:0429/222721.751:ERROR:browser_switcher_service.cc(238)] XXX Init()
22:27:23.078 [ForkJoinPool-1-worker-1] DEBUG com.intuit.karate - request:
1 > GET http://localhost:9222
1 > Accept-Encoding: gzip,deflate
1 > Connection: Keep-Alive
1 > Host: localhost:9222
1 > User-Agent: Apache-HttpClient/4.5.11 (Java/1.8.0_231)

22:27:23.122 [ForkJoinPool-1-worker-1] DEBUG com.intuit.karate - response time in milliseconds: 35.22
1 < 200
1 < Content-Length: 5294
1 < Content-Type: text/html; charset=UTF-8
<!doctype html>
<html lang="en">
<title>Inspectable pages</title>
<meta name="referrer" content="no-referrer">
<style>
body {
  color: #222;
  font-family: Helvetica, Arial, sans-serif;
  margin: 0;
  text-shadow: rgba(255, 255, 255, 0.496094) 0px 1px 0px;
}

#caption {
  font-size: 16px;
  margin-top: 15px;
  margin-bottom: 10px;
  margin-left: 20px;
  height: 20px;
  text-align: left;
}

#items {
  display: flex;
  flex-direction: column;
  margin: 10px;
}

.item {
  color: #222;
  display: flex;
  flex-direction: row;
  text-decoration: none;
  padding: 10px;
  transition-property: background-color, border-color;
  transition: background-color 0.15s, 0.15s;
  transition-delay: 0ms, 0ms;
}

.item:not(.connected):hover {
  background-color: rgba(242, 242, 242, 1);
  border-color: rgba(110, 116, 128, 1);
  color: black;
}

.item.connected:hover {
  border-color: rgba(184, 184, 184, 1);
  color: rgb(110, 116, 128);
}

.item.custom {
    cursor: pointer;
}

.description {
  display: flex;
  flex-direction: column;
}

.title, .subtitle, .custom-url {
  font-size: 13px;
  margin: 4px 0px 0px 6px;
  overflow: hidden;
  padding-left: 20px;
}

.title {
  background-repeat: no-repeat;
  background-size: 16px;
  font-size: 15px;
}

.custom-url {
  display: flex;
}

.custom-url-label {
  flex: 0 0 auto;
}

.custom-url-value {
  font-family: monospace;
  margin-left: 1em;
}

</style>

<script>

function onLoad() {
  var tabsListRequest = new XMLHttpRequest();
  tabsListRequest.open('GET', '/json/list', true);
  tabsListRequest.onreadystatechange = onReady;
  tabsListRequest.send();
}

function onReady() {
  if(this.readyState == 4 && this.status == 200) {
    if(this.response != null)
      var responseJSON = JSON.parse(this.response);
      for (var i = 0; i < responseJSON.length; ++i)
        appendItem(responseJSON[i]);
  }
}

function onBlur(event) {
  const selection = window.getSelection();
  selection.removeAllRanges();
  event.stopPropagation();
  event.preventDefault();
}

function onFocus(selectElement, event) {
  selectNodeText(selectElement, event);
  event.stopPropagation();
  event.preventDefault();
}

function customFrontendURL(url) {
  if (!url || !window.location.hash)
    return null;

  var hashParams = new URLSearchParams(location.hash.substring(1));
  if (!hashParams.get("custom"))
    return null;

  var searchIndex = url.indexOf("?");
  if (searchIndex === -1)
    return null;
  var originalParams = url.substring(searchIndex + 1);
  if (hashParams.get("experiments"))
    originalParams += "&experiments=true";

  return "devtools://devtools/custom/inspector.html?" + originalParams;
}

function appendItem(item_object) {
  var item_element;
  var customURL = customFrontendURL(item_object.devtoolsFrontendUrl);
  if (customURL) {
    item_element = document.createElement('div');
    item_element.title = item_object.title;
    item_element.className = 'custom';
  } else if (item_object.devtoolsFrontendUrl) {
    item_element = document.createElement('a');
    item_element.href = item_object.devtoolsFrontendUrl;
    item_element.title = item_object.title;
  } else {
    item_element = document.createElement('div');
    item_element.className = 'connected';
    item_element.title = 'The tab already has an active debug session';
  }
  item_element.classList.add('item');

  var description = document.createElement('div');
  description.className = 'description';

  var title = document.createElement('div');
  title.className = 'title';
  title.textContent = item_object.description || item_object.title;
  if (item_object.faviconUrl) {
    title.style.backgroundImage = 'url(' + item_object.faviconUrl + ')';
  }
  description.appendChild(title);

  var subtitle = document.createElement('div');
  subtitle.className = 'subtitle';
  subtitle.textContent = (item_object.url || '').substring(0, 300);
  description.appendChild(subtitle);

  if (customURL) {
    var urlContainer = document.createElement('div');
    urlContainer.classList.add("custom-url");
    var urlLabel = document.createElement('div');
    urlLabel.classList.add("custom-url-label");
    urlLabel.textContent = "Click to copy URL:";
    urlContainer.appendChild(urlLabel);
    var urlValue = document.createElement('div');
    urlValue.classList.add("custom-url-value");
    urlValue.textContent = customURL;
    urlValue.tabIndex = 0;
    urlValue.addEventListener('blur', onBlur);
    urlValue.addEventListener('focus', event => onFocus(urlValue, event));
    urlContainer.appendChild(urlValue);
    description.appendChild(urlContainer);
    item_element.addEventListener('click', selectNodeText.bind(null, urlValue));
  }

  item_element.appendChild(description);

  document.getElementById('items').appendChild(item_element);
}

function selectNodeText(selectElement, event)
{
  var selection = window.getSelection();
  if (!selection.isCollapsed)
    return;
  var range = document.createRange();
  range.selectNode(selectElement);
  selection.removeAllRanges();
  selection.addRange(range);
  event.stopPropagation();
  event.preventDefault();
}
</script>
</head>
<body onload='onLoad()'>
  <div role='main'>
    <div id='caption' role='heading' aria-level='1'>Inspectable pages</div>
    <hr>
    <div id='items'>
    </div>
  </div>
</body>
</html>


22:27:23.153 [ForkJoinPool-1-worker-1] WARN  com.intuit.karate - xml parsing failed, response data type set to string: org.xml.sax.SAXParseException; lineNumber: 1; columnNumber: 3; The markup in the document preceding the root element must be well-formed.
22:27:23.154 [ForkJoinPool-1-worker-1] DEBUG com.intuit.karate.shell.Command - ready to accept http connections after 1147 ms - http://localhost:9222
22:27:23.162 [ForkJoinPool-1-worker-1] DEBUG com.intuit.karate - request:
1 > GET http://localhost:9222/json
1 > Accept-Encoding: gzip,deflate
1 > Connection: Keep-Alive
1 > Host: localhost:9222
1 > User-Agent: Apache-HttpClient/4.5.11 (Java/1.8.0_231)

22:27:23.167 [ForkJoinPool-1-worker-1] DEBUG com.intuit.karate - response time in milliseconds: 3.26
1 < 200
1 < Content-Length: 2182
1 < Content-Type: application/json; charset=UTF-8
[ {
   "description": "",
   "devtoolsFrontendUrl": "/devtools/inspector.html?ws=localhost:9222/devtools/page/A90EBDB380B58584259F41260F33D34A",
   "id": "A90EBDB380B58584259F41260F33D34A",
   "title": "CryptoTokenExtension",
   "type": "background_page",
   "url": "chrome-extension://kmendfapggjehodndflmmgagdbamhnfd/_generated_background_page.html",
   "webSocketDebuggerUrl": "ws://localhost:9222/devtools/page/A90EBDB380B58584259F41260F33D34A"
}, {
   "description": "",
   "devtoolsFrontendUrl": "/devtools/inspector.html?ws=localhost:9222/devtools/page/1A6507762127F71177489D184FD26145",
   "id": "1A6507762127F71177489D184FD26145",
   "title": "Google Network Speech",
   "type": "background_page",
   "url": "chrome-extension://neajdppkdcdipfabeoofebfddakdcjhd/_generated_background_page.html",
   "webSocketDebuggerUrl": "ws://localhost:9222/devtools/page/1A6507762127F71177489D184FD26145"
}, {
   "description": "",
   "devtoolsFrontendUrl": "/devtools/inspector.html?ws=localhost:9222/devtools/page/EEB60010360C23DF97060CB416620301",
   "id": "EEB60010360C23DF97060CB416620301",
   "title": "Feedback",
   "type": "background_page",
   "url": "chrome-extension://gfdkimpbcpahaombhbimeihdjnejgicl/_generated_background_page.html",
   "webSocketDebuggerUrl": "ws://localhost:9222/devtools/page/EEB60010360C23DF97060CB416620301"
}, {
   "description": "",
   "devtoolsFrontendUrl": "/devtools/inspector.html?ws=localhost:9222/devtools/page/0108BED27E7A64A0DD461DA6A19D32BB",
   "id": "0108BED27E7A64A0DD461DA6A19D32BB",
   "title": "Google Hangouts",
   "type": "background_page",
   "url": "chrome-extension://nkeimhogjdpnpccoofpliimaahmaaome/background.html",
   "webSocketDebuggerUrl": "ws://localhost:9222/devtools/page/0108BED27E7A64A0DD461DA6A19D32BB"
}, {
   "description": "",
   "devtoolsFrontendUrl": "/devtools/inspector.html?ws=localhost:9222/devtools/page/4076DDF0259A328B4EE1D4958D22DB07",
   "id": "4076DDF0259A328B4EE1D4958D22DB07",
   "title": "Welcome to Chrome",
   "type": "page",
   "url": "chrome://welcome/",
   "webSocketDebuggerUrl": "ws://localhost:9222/devtools/page/4076DDF0259A328B4EE1D4958D22DB07"
} ]


22:27:23.201 [ForkJoinPool-1-worker-1] DEBUG c.intuit.karate.driver.DriverOptions - root frame id: 4076DDF0259A328B4EE1D4958D22DB07
22:27:24.265 [nioEventLoopGroup-2-1] DEBUG c.i.k.netty.WebSocketClientHandler - websocket client connected
22:27:24.266 [ForkJoinPool-1-worker-1] DEBUG c.intuit.karate.driver.DriverOptions - >> {"method":"Target.activateTarget","params":{"targetId":"4076DDF0259A328B4EE1D4958D22DB07"},"id":1}
22:27:24.295 [nioEventLoopGroup-2-1] DEBUG c.intuit.karate.driver.DriverOptions - << {"id":1,"result":{}}
22:27:24.297 [ForkJoinPool-1-worker-1] DEBUG c.intuit.karate.driver.DriverOptions - >> {"method":"Page.enable","id":2}
22:27:24.302 [nioEventLoopGroup-2-1] DEBUG c.intuit.karate.driver.DriverOptions - << {"id":2,"result":{}}
22:27:24.304 [ForkJoinPool-1-worker-1] DEBUG c.intuit.karate.driver.DriverOptions - >> {"method":"Runtime.enable","id":3}
22:27:24.307 [nioEventLoopGroup-2-1] DEBUG c.intuit.karate.driver.DriverOptions - << {"method":"Runtime.executionContextCreated","params":{"context":{"id":1,"origin":"chrome://welcome","name":"","auxData":{"isDefault":true,"type":"default","frameId":"4076DDF0259A328B4EE1D4958D22DB07"}}}}
22:27:24.308 [nioEventLoopGroup-2-1] DEBUG c.intuit.karate.driver.DriverOptions - << {"id":3,"result":{}}
22:27:24.310 [ForkJoinPool-1-worker-1] DEBUG c.intuit.karate.driver.DriverOptions - >> {"method":"Target.setAutoAttach","params":{"autoAttach":true,"waitForDebuggerOnStart":false,"flatten":true},"id":4}
22:27:24.315 [nioEventLoopGroup-2-1] DEBUG c.intuit.karate.driver.DriverOptions - << {"id":4,"result":{}}
22:27:24.320 [ForkJoinPool-1-worker-1] DEBUG c.intuit.karate.driver.DriverOptions - >> {"method":"Browser.getWindowForTarget","params":{"targetId":"4076DDF0259A328B4EE1D4958D22DB07"},"id":5}
22:27:24.323 [nioEventLoopGroup-2-1] DEBUG c.intuit.karate.driver.DriverOptions - << {"id":5,"result":{"windowId":1,"bounds":{"left":10,"top":40,"width":945,"height":1030,"windowState":"normal"}}}
22:27:39.323 [ForkJoinPool-1-worker-1] ERROR c.intuit.karate.driver.DriverOptions - << timed out after milliseconds: 15000 - [id: 5, method: Browser.getWindowForTarget, params: {targetId=4076DDF0259A328B4EE1D4958D22DB07}]
22:27:39.326 [ForkJoinPool-1-worker-1] ERROR com.intuit.karate - driver config / start failed: failed to get reply for: [id: 5, method: Browser.getWindowForTarget, params: {targetId=4076DDF0259A328B4EE1D4958D22DB07}], options: {type=chrome, showDriverLog=true, target=null}
java.lang.RuntimeException: failed to get reply for: [id: 5, method: Browser.getWindowForTarget, params: {targetId=4076DDF0259A328B4EE1D4958D22DB07}]
	at com.intuit.karate.driver.DevToolsDriver.sendAndWait(DevToolsDriver.java:128)
	at com.intuit.karate.driver.DevToolsMessage.send(DevToolsMessage.java:223)
	at com.intuit.karate.driver.DevToolsMessage.send(DevToolsMessage.java:219)
	at com.intuit.karate.driver.DevToolsDriver.initWindowIdAndState(DevToolsDriver.java:271)
	at com.intuit.karate.driver.chrome.Chrome.start(Chrome.java:81)
	at com.intuit.karate.driver.DriverOptions.start(DriverOptions.java:265)
	at com.intuit.karate.core.ScenarioContext.driver(ScenarioContext.java:967)
	at com.intuit.karate.StepActions.driver(StepActions.java:392)
	at sun.reflect.NativeMethodAccessorImpl.invoke0(Native Method)
	at sun.reflect.NativeMethodAccessorImpl.invoke(NativeMethodAccessorImpl.java:62)
	at sun.reflect.DelegatingMethodAccessorImpl.invoke(DelegatingMethodAccessorImpl.java:43)
	at java.lang.reflect.Method.invoke(Method.java:498)
	at com.intuit.karate.core.Engine.executeStep(Engine.java:153)
	at com.intuit.karate.core.ScenarioExecutionUnit.execute(ScenarioExecutionUnit.java:219)
	at com.intuit.karate.core.ScenarioExecutionUnit.run(ScenarioExecutionUnit.java:297)
	at java.util.concurrent.ForkJoinTask$AdaptedRunnableAction.exec(ForkJoinTask.java:1386)
	at java.util.concurrent.ForkJoinTask.doExec(ForkJoinTask.java:289)
	at java.util.concurrent.ForkJoinPool$WorkQueue.runTask(ForkJoinPool.java:1056)
	at java.util.concurrent.ForkJoinPool.runWorker(ForkJoinPool.java:1692)
	at java.util.concurrent.ForkJoinWorkerThread.run(ForkJoinWorkerThread.java:157)
22:27:39.394 [ForkJoinPool-1-worker-1] DEBUG com.intuit.karate.shell.Command - found / verified free local port: 54105
22:27:39.395 [ForkJoinPool-1-worker-1] WARN  c.intuit.karate.driver.DriverOptions - preferred port 9222 not available, will use: 54105
22:27:39.398 [ForkJoinPool-1-worker-1] DEBUG c.i.k.driver.chrome_1588213659393 - poll attempt #0 for port to be ready - localhost:54105
22:27:39.401 [chrome_1588213659393] DEBUG c.i.k.driver.chrome_1588213659393 - command: [C:\Program Files (x86)\Google\Chrome\Application\chrome.exe, --remote-debugging-port=54105, --no-first-run, --user-data-dir=C:\w\www\git\java-rev\gradleKarate\build\chrome_1588213659393, --disable-popup-blocking]
22:27:39.732 [chrome_1588213659393] DEBUG c.i.k.driver.chrome_1588213659393 - 
22:27:39.774 [chrome_1588213659393] DEBUG c.i.k.driver.chrome_1588213659393 - DevTools listening on ws://127.0.0.1:54105/devtools/browser/5142607c-513e-405c-84b9-24d58cbe029b
22:27:39.792 [chrome_1588213659393] DEBUG c.i.k.driver.chrome_1588213659393 - [12888:15160:0429/222739.792:ERROR:browser_switcher_service.cc(238)] XXX Init()
22:27:39.926 [ForkJoinPool-1-worker-1] DEBUG com.intuit.karate - request:
1 > GET http://localhost:54105
1 > Accept-Encoding: gzip,deflate
1 > Connection: Keep-Alive
1 > Host: localhost:54105
1 > User-Agent: Apache-HttpClient/4.5.11 (Java/1.8.0_231)

22:27:40.124 [ForkJoinPool-1-worker-1] DEBUG com.intuit.karate - response time in milliseconds: 196.27
1 < 200
1 < Content-Length: 5294
1 < Content-Type: text/html; charset=UTF-8
<!doctype html>
<html lang="en">
<title>Inspectable pages</title>
<meta name="referrer" content="no-referrer">
<style>
body {
  color: #222;
  font-family: Helvetica, Arial, sans-serif;
  margin: 0;
  text-shadow: rgba(255, 255, 255, 0.496094) 0px 1px 0px;
}

#caption {
  font-size: 16px;
  margin-top: 15px;
  margin-bottom: 10px;
  margin-left: 20px;
  height: 20px;
  text-align: left;
}

#items {
  display: flex;
  flex-direction: column;
  margin: 10px;
}

.item {
  color: #222;
  display: flex;
  flex-direction: row;
  text-decoration: none;
  padding: 10px;
  transition-property: background-color, border-color;
  transition: background-color 0.15s, 0.15s;
  transition-delay: 0ms, 0ms;
}

.item:not(.connected):hover {
  background-color: rgba(242, 242, 242, 1);
  border-color: rgba(110, 116, 128, 1);
  color: black;
}

.item.connected:hover {
  border-color: rgba(184, 184, 184, 1);
  color: rgb(110, 116, 128);
}

.item.custom {
    cursor: pointer;
}

.description {
  display: flex;
  flex-direction: column;
}

.title, .subtitle, .custom-url {
  font-size: 13px;
  margin: 4px 0px 0px 6px;
  overflow: hidden;
  padding-left: 20px;
}

.title {
  background-repeat: no-repeat;
  background-size: 16px;
  font-size: 15px;
}

.custom-url {
  display: flex;
}

.custom-url-label {
  flex: 0 0 auto;
}

.custom-url-value {
  font-family: monospace;
  margin-left: 1em;
}

</style>

<script>

function onLoad() {
  var tabsListRequest = new XMLHttpRequest();
  tabsListRequest.open('GET', '/json/list', true);
  tabsListRequest.onreadystatechange = onReady;
  tabsListRequest.send();
}

function onReady() {
  if(this.readyState == 4 && this.status == 200) {
    if(this.response != null)
      var responseJSON = JSON.parse(this.response);
      for (var i = 0; i < responseJSON.length; ++i)
        appendItem(responseJSON[i]);
  }
}

function onBlur(event) {
  const selection = window.getSelection();
  selection.removeAllRanges();
  event.stopPropagation();
  event.preventDefault();
}

function onFocus(selectElement, event) {
  selectNodeText(selectElement, event);
  event.stopPropagation();
  event.preventDefault();
}

function customFrontendURL(url) {
  if (!url || !window.location.hash)
    return null;

  var hashParams = new URLSearchParams(location.hash.substring(1));
  if (!hashParams.get("custom"))
    return null;

  var searchIndex = url.indexOf("?");
  if (searchIndex === -1)
    return null;
  var originalParams = url.substring(searchIndex + 1);
  if (hashParams.get("experiments"))
    originalParams += "&experiments=true";

  return "devtools://devtools/custom/inspector.html?" + originalParams;
}

function appendItem(item_object) {
  var item_element;
  var customURL = customFrontendURL(item_object.devtoolsFrontendUrl);
  if (customURL) {
    item_element = document.createElement('div');
    item_element.title = item_object.title;
    item_element.className = 'custom';
  } else if (item_object.devtoolsFrontendUrl) {
    item_element = document.createElement('a');
    item_element.href = item_object.devtoolsFrontendUrl;
    item_element.title = item_object.title;
  } else {
    item_element = document.createElement('div');
    item_element.className = 'connected';
    item_element.title = 'The tab already has an active debug session';
  }
  item_element.classList.add('item');

  var description = document.createElement('div');
  description.className = 'description';

  var title = document.createElement('div');
  title.className = 'title';
  title.textContent = item_object.description || item_object.title;
  if (item_object.faviconUrl) {
    title.style.backgroundImage = 'url(' + item_object.faviconUrl + ')';
  }
  description.appendChild(title);

  var subtitle = document.createElement('div');
  subtitle.className = 'subtitle';
  subtitle.textContent = (item_object.url || '').substring(0, 300);
  description.appendChild(subtitle);

  if (customURL) {
    var urlContainer = document.createElement('div');
    urlContainer.classList.add("custom-url");
    var urlLabel = document.createElement('div');
    urlLabel.classList.add("custom-url-label");
    urlLabel.textContent = "Click to copy URL:";
    urlContainer.appendChild(urlLabel);
    var urlValue = document.createElement('div');
    urlValue.classList.add("custom-url-value");
    urlValue.textContent = customURL;
    urlValue.tabIndex = 0;
    urlValue.addEventListener('blur', onBlur);
    urlValue.addEventListener('focus', event => onFocus(urlValue, event));
    urlContainer.appendChild(urlValue);
    description.appendChild(urlContainer);
    item_element.addEventListener('click', selectNodeText.bind(null, urlValue));
  }

  item_element.appendChild(description);

  document.getElementById('items').appendChild(item_element);
}

function selectNodeText(selectElement, event)
{
  var selection = window.getSelection();
  if (!selection.isCollapsed)
    return;
  var range = document.createRange();
  range.selectNode(selectElement);
  selection.removeAllRanges();
  selection.addRange(range);
  event.stopPropagation();
  event.preventDefault();
}
</script>
</head>
<body onload='onLoad()'>
  <div role='main'>
    <div id='caption' role='heading' aria-level='1'>Inspectable pages</div>
    <hr>
    <div id='items'>
    </div>
  </div>
</body>
</html>


22:27:40.130 [ForkJoinPool-1-worker-1] WARN  com.intuit.karate - xml parsing failed, response data type set to string: org.xml.sax.SAXParseException; lineNumber: 1; columnNumber: 3; The markup in the document preceding the root element must be well-formed.
22:27:40.131 [ForkJoinPool-1-worker-1] DEBUG com.intuit.karate.shell.Command - ready to accept http connections after 214 ms - http://localhost:54105
22:27:40.133 [ForkJoinPool-1-worker-1] DEBUG com.intuit.karate - request:
1 > GET http://localhost:54105/json
1 > Accept-Encoding: gzip,deflate
1 > Connection: Keep-Alive
1 > Host: localhost:54105
1 > User-Agent: Apache-HttpClient/4.5.11 (Java/1.8.0_231)

22:27:40.209 [ForkJoinPool-1-worker-1] DEBUG com.intuit.karate - response time in milliseconds: 74.71
1 < 200
1 < Content-Length: 1273
1 < Content-Type: application/json; charset=UTF-8
[ {
   "description": "",
   "devtoolsFrontendUrl": "/devtools/inspector.html?ws=localhost:54105/devtools/page/88D45727473CD49B7FA5396A2FFE468E",
   "id": "88D45727473CD49B7FA5396A2FFE468E",
   "title": "Feedback",
   "type": "background_page",
   "url": "chrome-extension://gfdkimpbcpahaombhbimeihdjnejgicl/_generated_background_page.html",
   "webSocketDebuggerUrl": "ws://localhost:54105/devtools/page/88D45727473CD49B7FA5396A2FFE468E"
}, {
   "description": "",
   "devtoolsFrontendUrl": "/devtools/inspector.html?ws=localhost:54105/devtools/page/3B25AD031629F7E377AC7A18B5E798F6",
   "id": "3B25AD031629F7E377AC7A18B5E798F6",
   "title": "Google Hangouts",
   "type": "background_page",
   "url": "chrome-extension://nkeimhogjdpnpccoofpliimaahmaaome/background.html",
   "webSocketDebuggerUrl": "ws://localhost:54105/devtools/page/3B25AD031629F7E377AC7A18B5E798F6"
}, {
   "description": "",
   "devtoolsFrontendUrl": "/devtools/inspector.html?ws=localhost:54105/devtools/page/E77DF1D80C5272FC477D6889C1504946",
   "id": "E77DF1D80C5272FC477D6889C1504946",
   "title": "",
   "type": "page",
   "url": "chrome://welcome/?variant=everywhere",
   "webSocketDebuggerUrl": "ws://localhost:54105/devtools/page/E77DF1D80C5272FC477D6889C1504946"
} ]


22:27:40.212 [ForkJoinPool-1-worker-1] DEBUG c.intuit.karate.driver.DriverOptions - root frame id: E77DF1D80C5272FC477D6889C1504946
22:27:40.392 [nioEventLoopGroup-3-1] DEBUG c.i.k.netty.WebSocketClientHandler - websocket client connected
22:27:40.395 [ForkJoinPool-1-worker-1] DEBUG c.intuit.karate.driver.DriverOptions - >> {"method":"Target.activateTarget","params":{"targetId":"E77DF1D80C5272FC477D6889C1504946"},"id":1}
22:27:40.551 [nioEventLoopGroup-3-1] DEBUG c.intuit.karate.driver.DriverOptions - << {"id":1,"result":{}}
22:27:40.553 [ForkJoinPool-1-worker-1] DEBUG c.intuit.karate.driver.DriverOptions - >> {"method":"Page.enable","id":2}
22:27:40.652 [nioEventLoopGroup-3-1] DEBUG c.intuit.karate.driver.DriverOptions - << {"id":2,"result":{}}
22:27:40.652 [ForkJoinPool-1-worker-1] DEBUG c.intuit.karate.driver.DriverOptions - >> {"method":"Runtime.enable","id":3}
22:27:40.691 [nioEventLoopGroup-3-1] DEBUG c.intuit.karate.driver.DriverOptions - << {"method":"Runtime.executionContextCreated","params":{"context":{"id":1,"origin":"chrome://welcome","name":"","auxData":{"isDefault":true,"type":"default","frameId":"E77DF1D80C5272FC477D6889C1504946"}}}}
22:27:40.692 [nioEventLoopGroup-3-1] DEBUG c.intuit.karate.driver.DriverOptions - << {"id":3,"result":{}}
22:27:40.692 [ForkJoinPool-1-worker-1] DEBUG c.intuit.karate.driver.DriverOptions - >> {"method":"Target.setAutoAttach","params":{"autoAttach":true,"waitForDebuggerOnStart":false,"flatten":true},"id":4}
22:27:40.713 [nioEventLoopGroup-3-1] DEBUG c.intuit.karate.driver.DriverOptions - << {"id":4,"result":{}}
22:27:40.714 [ForkJoinPool-1-worker-1] DEBUG c.intuit.karate.driver.DriverOptions - >> {"method":"Browser.getWindowForTarget","params":{"targetId":"E77DF1D80C5272FC477D6889C1504946"},"id":5}
22:27:40.720 [nioEventLoopGroup-3-1] DEBUG c.intuit.karate.driver.DriverOptions - << {"id":5,"result":{"windowId":1,"bounds":{"left":82,"top":72,"width":945,"height":1030,"windowState":"normal"}}}
22:27:41.049 [nioEventLoopGroup-3-1] DEBUG c.intuit.karate.driver.DriverOptions - << {"method":"Page.navigatedWithinDocument","params":{"frameId":"E77DF1D80C5272FC477D6889C1504946","url":"chrome://welcome/"}}
22:27:41.052 [nioEventLoopGroup-3-1] DEBUG c.intuit.karate.driver.DriverOptions - << {"method":"Page.domContentEventFired","params":{"timestamp":19863.398545}}
22:27:41.116 [ForkJoinPool-1-worker-1] DEBUG c.intuit.karate.driver.DriverOptions - >> {"method":"Page.navigate","params":{"url":"https:\/\/google.com"},"id":6}
22:27:41.223 [nioEventLoopGroup-3-1] DEBUG c.intuit.karate.driver.DriverOptions - << {"method":"Page.frameStoppedLoading","params":{"frameId":"E77DF1D80C5272FC477D6889C1504946"}}
22:27:41.390 [ForkJoinPool-1-worker-1] DEBUG c.intuit.karate.driver.DriverOptions - >> {"method":"Runtime.evaluate","params":{"expression":"var e = document.querySelector(\"input[name=q]\"); e.focus(); try { e.selectionStart = e.selectionEnd = e.value.length } catch(x) {}","returnByValue":true},"id":7}
22:27:41.708 [nioEventLoopGroup-3-1] DEBUG c.intuit.karate.driver.DriverOptions - << {"id":6,"result":{"frameId":"E77DF1D80C5272FC477D6889C1504946","loaderId":"1D3F2D93B139E8D631C294AF363B7F82"}}
22:27:41.714 [nioEventLoopGroup-3-1] DEBUG c.intuit.karate.driver.DriverOptions - << {"method":"Runtime.executionContextsCleared","params":{}}
22:27:41.741 [nioEventLoopGroup-3-1] DEBUG c.intuit.karate.driver.DriverOptions - << {"method":"Page.frameStartedLoading","params":{"frameId":"E77DF1D80C5272FC477D6889C1504946"}}
22:27:41.743 [nioEventLoopGroup-3-1] DEBUG c.intuit.karate.driver.DriverOptions - << {"method":"Runtime.executionContextsCleared","params":{}}
22:27:41.744 [nioEventLoopGroup-3-1] DEBUG c.intuit.karate.driver.DriverOptions - << {"method":"Page.frameNavigated","params":{"frame":{"id":"E77DF1D80C5272FC477D6889C1504946","loaderId":"1D3F2D93B139E8D631C294AF363B7F82","url":"https://www.google.com/","securityOrigin":"https://www.google.com","mimeType":"text/html"}}}
22:27:41.747 [nioEventLoopGroup-3-1] DEBUG c.intuit.karate.driver.DriverOptions - << {"method":"Runtime.executionContextCreated","params":{"context":{"id":1,"origin":"https://www.google.com","name":"","auxData":{"isDefault":true,"type":"default","frameId":"E77DF1D80C5272FC477D6889C1504946"}}}}
22:27:41.751 [nioEventLoopGroup-3-1] DEBUG c.intuit.karate.driver.DriverOptions - << {"id":7,"result":{"result":{"type":"object","subtype":"error","className":"TypeError","description":"TypeError: Cannot read property 'focus' of null\n    at <anonymous>:1:52","objectId":"{\"injectedScriptId\":1,\"id\":1}"},"exceptionDetails":{"exceptionId":1,"text":"Uncaught","lineNumber":0,"columnNumber":51,"scriptId":"5","stackTrace":{"callFrames":[{"functionName":"","scriptId":"5","url":"","lineNumber":0,"columnNumber":51}]},"exception":{"type":"object","subtype":"error","className":"TypeError","description":"TypeError: Cannot read property 'focus' of null\n    at <anonymous>:1:52","objectId":"{\"injectedScriptId\":1,\"id\":2}"}}}}
22:27:41.756 [ForkJoinPool-1-worker-1] WARN  c.intuit.karate.driver.DriverOptions - js eval failed once:var e = document.querySelector("input[name=q]"); e.focus(); try { e.selectionStart = e.selectionEnd = e.value.length } catch(x) {}, error: {"type":"object","subtype":"error","className":"TypeError","description":"TypeError: Cannot read property 'focus' of null\n    at <anonymous>:1:52","objectId":"{\"injectedScriptId\":1,\"id\":1}"}
22:27:41.957 [nioEventLoopGroup-3-1] DEBUG c.intuit.karate.driver.DriverOptions - << {"method":"Page.domContentEventFired","params":{"timestamp":19864.304068}}
22:27:42.244 [nioEventLoopGroup-3-1] DEBUG c.intuit.karate.driver.DriverOptions - << {"method":"Page.navigatedWithinDocument","params":{"frameId":"E77DF1D80C5272FC477D6889C1504946","url":"https://www.google.com/"}}
22:27:42.807 [nioEventLoopGroup-3-1] DEBUG c.intuit.karate.driver.DriverOptions - << {"method":"Page.loadEventFired","params":{"timestamp":19865.155729}}
22:27:42.812 [nioEventLoopGroup-3-1] DEBUG c.intuit.karate.driver.DriverOptions - << {"method":"Page.frameStoppedLoading","params":{"frameId":"E77DF1D80C5272FC477D6889C1504946"}}
22:27:44.763 [ForkJoinPool-1-worker-1] DEBUG c.intuit.karate.driver.DriverOptions - >> {"method":"Runtime.evaluate","params":{"expression":"var e = document.querySelector(\"input[name=q]\"); e.focus(); try { e.selectionStart = e.selectionEnd = e.value.length } catch(x) {}","returnByValue":true},"id":8}
22:27:44.767 [nioEventLoopGroup-3-1] DEBUG c.intuit.karate.driver.DriverOptions - << {"id":8,"result":{"result":{"type":"number","value":0,"description":"0"}}}
22:27:44.774 [ForkJoinPool-1-worker-1] DEBUG c.intuit.karate.driver.DriverOptions - >> {"method":"Input.dispatchKeyEvent","params":{"modifier":0,"type":"keyDown","text":"k"},"id":9}
22:27:44.805 [nioEventLoopGroup-3-1] DEBUG c.intuit.karate.driver.DriverOptions - << {"id":9,"result":{}}
22:27:44.808 [ForkJoinPool-1-worker-1] DEBUG c.intuit.karate.driver.DriverOptions - >> {"method":"Input.dispatchKeyEvent","params":{"modifier":0,"type":"keyUp","windowsVirtualKeyCode":75},"id":10}
22:27:44.811 [nioEventLoopGroup-3-1] DEBUG c.intuit.karate.driver.DriverOptions - << {"id":10,"result":{}}
22:27:44.814 [ForkJoinPool-1-worker-1] DEBUG c.intuit.karate.driver.DriverOptions - >> {"method":"Input.dispatchKeyEvent","params":{"modifier":0,"type":"keyDown","text":"a"},"id":11}
22:27:44.829 [nioEventLoopGroup-3-1] DEBUG c.intuit.karate.driver.DriverOptions - << {"id":11,"result":{}}
22:27:44.831 [ForkJoinPool-1-worker-1] DEBUG c.intuit.karate.driver.DriverOptions - >> {"method":"Input.dispatchKeyEvent","params":{"modifier":0,"type":"keyUp","windowsVirtualKeyCode":65},"id":12}
22:27:44.835 [nioEventLoopGroup-3-1] DEBUG c.intuit.karate.driver.DriverOptions - << {"id":12,"result":{}}
22:27:44.835 [ForkJoinPool-1-worker-1] DEBUG c.intuit.karate.driver.DriverOptions - >> {"method":"Input.dispatchKeyEvent","params":{"modifier":0,"type":"keyDown","text":"r"},"id":13}
22:27:44.867 [nioEventLoopGroup-3-1] DEBUG c.intuit.karate.driver.DriverOptions - << {"id":13,"result":{}}
22:27:44.868 [ForkJoinPool-1-worker-1] DEBUG c.intuit.karate.driver.DriverOptions - >> {"method":"Input.dispatchKeyEvent","params":{"modifier":0,"type":"keyUp","windowsVirtualKeyCode":82},"id":14}
22:27:44.898 [nioEventLoopGroup-3-1] DEBUG c.intuit.karate.driver.DriverOptions - << {"id":14,"result":{}}
22:27:44.899 [ForkJoinPool-1-worker-1] DEBUG c.intuit.karate.driver.DriverOptions - >> {"method":"Input.dispatchKeyEvent","params":{"modifier":0,"type":"keyDown","text":"a"},"id":15}
22:27:44.915 [nioEventLoopGroup-3-1] DEBUG c.intuit.karate.driver.DriverOptions - << {"id":15,"result":{}}
22:27:44.915 [ForkJoinPool-1-worker-1] DEBUG c.intuit.karate.driver.DriverOptions - >> {"method":"Input.dispatchKeyEvent","params":{"modifier":0,"type":"keyUp","windowsVirtualKeyCode":65},"id":16}
22:27:44.918 [nioEventLoopGroup-3-1] DEBUG c.intuit.karate.driver.DriverOptions - << {"id":16,"result":{}}
22:27:44.920 [ForkJoinPool-1-worker-1] DEBUG c.intuit.karate.driver.DriverOptions - >> {"method":"Input.dispatchKeyEvent","params":{"modifier":0,"type":"keyDown","text":"t"},"id":17}
22:27:44.946 [nioEventLoopGroup-3-1] DEBUG c.intuit.karate.driver.DriverOptions - << {"id":17,"result":{}}
22:27:44.947 [ForkJoinPool-1-worker-1] DEBUG c.intuit.karate.driver.DriverOptions - >> {"method":"Input.dispatchKeyEvent","params":{"modifier":0,"type":"keyUp","windowsVirtualKeyCode":84},"id":18}
22:27:45.020 [nioEventLoopGroup-3-1] DEBUG c.intuit.karate.driver.DriverOptions - << {"id":18,"result":{}}
22:27:45.020 [ForkJoinPool-1-worker-1] DEBUG c.intuit.karate.driver.DriverOptions - >> {"method":"Input.dispatchKeyEvent","params":{"modifier":0,"type":"keyDown","text":"e"},"id":19}
22:27:45.035 [nioEventLoopGroup-3-1] DEBUG c.intuit.karate.driver.DriverOptions - << {"id":19,"result":{}}
22:27:45.036 [ForkJoinPool-1-worker-1] DEBUG c.intuit.karate.driver.DriverOptions - >> {"method":"Input.dispatchKeyEvent","params":{"modifier":0,"type":"keyUp","windowsVirtualKeyCode":69},"id":20}
22:27:45.048 [nioEventLoopGroup-3-1] DEBUG c.intuit.karate.driver.DriverOptions - << {"id":20,"result":{}}
22:27:45.050 [ForkJoinPool-1-worker-1] DEBUG c.intuit.karate.driver.DriverOptions - >> {"method":"Input.dispatchKeyEvent","params":{"modifier":0,"type":"keyDown","text":" "},"id":21}
22:27:45.070 [nioEventLoopGroup-3-1] DEBUG c.intuit.karate.driver.DriverOptions - << {"id":21,"result":{}}
22:27:45.071 [ForkJoinPool-1-worker-1] DEBUG c.intuit.karate.driver.DriverOptions - >> {"method":"Input.dispatchKeyEvent","params":{"modifier":0,"type":"keyUp","windowsVirtualKeyCode":32},"id":22}
22:27:45.075 [nioEventLoopGroup-3-1] DEBUG c.intuit.karate.driver.DriverOptions - << {"id":22,"result":{}}
22:27:45.077 [ForkJoinPool-1-worker-1] DEBUG c.intuit.karate.driver.DriverOptions - >> {"method":"Input.dispatchKeyEvent","params":{"modifier":0,"type":"keyDown","text":"d"},"id":23}
22:27:45.099 [nioEventLoopGroup-3-1] DEBUG c.intuit.karate.driver.DriverOptions - << {"id":23,"result":{}}
22:27:45.108 [ForkJoinPool-1-worker-1] DEBUG c.intuit.karate.driver.DriverOptions - >> {"method":"Input.dispatchKeyEvent","params":{"modifier":0,"type":"keyUp","windowsVirtualKeyCode":68},"id":24}
22:27:45.116 [nioEventLoopGroup-3-1] DEBUG c.intuit.karate.driver.DriverOptions - << {"id":24,"result":{}}
22:27:45.118 [ForkJoinPool-1-worker-1] DEBUG c.intuit.karate.driver.DriverOptions - >> {"method":"Input.dispatchKeyEvent","params":{"modifier":0,"type":"keyDown","text":"s"},"id":25}
22:27:45.136 [nioEventLoopGroup-3-1] DEBUG c.intuit.karate.driver.DriverOptions - << {"id":25,"result":{}}
22:27:45.136 [ForkJoinPool-1-worker-1] DEBUG c.intuit.karate.driver.DriverOptions - >> {"method":"Input.dispatchKeyEvent","params":{"modifier":0,"type":"keyUp","windowsVirtualKeyCode":83},"id":26}
22:27:45.144 [nioEventLoopGroup-3-1] DEBUG c.intuit.karate.driver.DriverOptions - << {"id":26,"result":{}}
22:27:45.145 [ForkJoinPool-1-worker-1] DEBUG c.intuit.karate.driver.DriverOptions - >> {"method":"Input.dispatchKeyEvent","params":{"modifier":0,"type":"keyDown","text":"l"},"id":27}
22:27:45.161 [nioEventLoopGroup-3-1] DEBUG c.intuit.karate.driver.DriverOptions - << {"id":27,"result":{}}
22:27:45.162 [ForkJoinPool-1-worker-1] DEBUG c.intuit.karate.driver.DriverOptions - >> {"method":"Input.dispatchKeyEvent","params":{"modifier":0,"type":"keyUp","windowsVirtualKeyCode":76},"id":28}
22:27:45.164 [nioEventLoopGroup-3-1] DEBUG c.intuit.karate.driver.DriverOptions - << {"id":28,"result":{}}
22:27:45.183 [ForkJoinPool-1-worker-1] DEBUG c.intuit.karate.driver.DriverOptions - >> {"method":"Runtime.evaluate","params":{"expression":"document.querySelector(\"input[name=btnI]\").click()","returnByValue":true},"id":29}
22:27:45.222 [nioEventLoopGroup-3-1] DEBUG c.intuit.karate.driver.DriverOptions - << {"method":"Page.frameScheduledNavigation","params":{"frameId":"E77DF1D80C5272FC477D6889C1504946","delay":0,"reason":"formSubmissionGet","url":"https://www.google.com/search?source=hp&ei=nTeqXvqQI6HI1QHG3YO4BA&iflsig=AINFCbYAAAAAXqpFrVPrzx_ytrS1sPuOg_p466l7em33&q=karate+dsl&btnI=I%27m+Feeling+Lucky&ved=0ahUKEwi604D5jI_pAhUhZDUKHcbuAEcQ19QECAo"}}
22:27:45.225 [nioEventLoopGroup-3-1] DEBUG c.intuit.karate.driver.DriverOptions - << {"method":"Page.frameRequestedNavigation","params":{"frameId":"E77DF1D80C5272FC477D6889C1504946","reason":"formSubmissionGet","url":"https://www.google.com/search?source=hp&ei=nTeqXvqQI6HI1QHG3YO4BA&iflsig=AINFCbYAAAAAXqpFrVPrzx_ytrS1sPuOg_p466l7em33&q=karate+dsl&btnI=I%27m+Feeling+Lucky&ved=0ahUKEwi604D5jI_pAhUhZDUKHcbuAEcQ19QECAo"}}
22:27:45.226 [nioEventLoopGroup-3-1] DEBUG c.intuit.karate.driver.DriverOptions - << {"method":"Page.frameStartedLoading","params":{"frameId":"E77DF1D80C5272FC477D6889C1504946"}}
22:27:45.227 [nioEventLoopGroup-3-1] DEBUG c.intuit.karate.driver.DriverOptions - << {"method":"Page.frameClearedScheduledNavigation","params":{"frameId":"E77DF1D80C5272FC477D6889C1504946"}}
22:27:45.227 [nioEventLoopGroup-3-1] DEBUG c.intuit.karate.driver.DriverOptions - << {"id":29,"result":{"result":{"type":"undefined"}}}
22:27:45.263 [ForkJoinPool-1-worker-1] DEBUG c.intuit.karate.driver.DriverOptions - waitForUrl - retry #1
22:27:46.396 [nioEventLoopGroup-3-1] DEBUG c.intuit.karate.driver.DriverOptions - << {"method":"Runtime.executionContextsCleared","params":{}}
22:27:46.424 [nioEventLoopGroup-3-1] DEBUG c.intuit.karate.driver.DriverOptions - << {"method":"Page.frameStartedLoading","params":{"frameId":"E77DF1D80C5272FC477D6889C1504946"}}
22:27:46.426 [nioEventLoopGroup-3-1] DEBUG c.intuit.karate.driver.DriverOptions - << {"method":"Runtime.executionContextsCleared","params":{}}
22:27:46.426 [nioEventLoopGroup-3-1] DEBUG c.intuit.karate.driver.DriverOptions - << {"method":"Page.frameNavigated","params":{"frame":{"id":"E77DF1D80C5272FC477D6889C1504946","loaderId":"AF67CF9241133B66429EB9A4BDA69AA4","url":"https://github.com/intuit/karate","securityOrigin":"https://github.com","mimeType":"text/html"}}}
22:27:46.427 [nioEventLoopGroup-3-1] DEBUG c.intuit.karate.driver.DriverOptions - << {"method":"Runtime.executionContextCreated","params":{"context":{"id":1,"origin":"https://github.com","name":"","auxData":{"isDefault":true,"type":"default","frameId":"E77DF1D80C5272FC477D6889C1504946"}}}}
22:27:48.295 [ForkJoinPool-1-worker-1] DEBUG c.intuit.karate.driver.DriverOptions - >> {"method":"Runtime.evaluate","params":{"expression":"document.evaluate(\"\/\/a[normalize-space(text())='Find file']\", document, null, 9, null).singleNodeValue.click()","returnByValue":true},"id":30}
22:27:49.283 [nioEventLoopGroup-3-1] DEBUG c.intuit.karate.driver.DriverOptions - << {"method":"Page.frameScheduledNavigation","params":{"frameId":"E77DF1D80C5272FC477D6889C1504946","delay":0,"reason":"anchorClick","url":"https://github.com/intuit/karate/find/master"}}
22:27:49.291 [nioEventLoopGroup-3-1] DEBUG c.intuit.karate.driver.DriverOptions - << {"method":"Page.frameRequestedNavigation","params":{"frameId":"E77DF1D80C5272FC477D6889C1504946","reason":"anchorClick","url":"https://github.com/intuit/karate/find/master"}}
22:27:49.293 [nioEventLoopGroup-3-1] DEBUG c.intuit.karate.driver.DriverOptions - << {"method":"Page.frameClearedScheduledNavigation","params":{"frameId":"E77DF1D80C5272FC477D6889C1504946"}}
22:27:49.294 [nioEventLoopGroup-3-1] DEBUG c.intuit.karate.driver.DriverOptions - << {"id":30,"result":{"result":{"type":"undefined"}}}
22:27:49.308 [ForkJoinPool-1-worker-1] DEBUG c.intuit.karate.driver.DriverOptions - >> {"method":"Runtime.evaluate","params":{"expression":"(document.querySelector(\"input[name=query]\") != null)","returnByValue":true},"id":31}
22:27:49.682 [nioEventLoopGroup-3-1] DEBUG c.intuit.karate.driver.DriverOptions - << {"method":"Runtime.executionContextDestroyed","params":{"executionContextId":1}}
22:27:49.682 [nioEventLoopGroup-3-1] DEBUG c.intuit.karate.driver.DriverOptions - << {"method":"Runtime.executionContextsCleared","params":{}}
22:27:49.683 [nioEventLoopGroup-3-1] DEBUG c.intuit.karate.driver.DriverOptions - << {"method":"Page.frameNavigated","params":{"frame":{"id":"E77DF1D80C5272FC477D6889C1504946","loaderId":"B88483958081F71E6D4EB74549452BBF","url":"https://github.com/intuit/karate/find/master","securityOrigin":"https://github.com","mimeType":"text/html"}}}
22:27:49.683 [nioEventLoopGroup-3-1] DEBUG c.intuit.karate.driver.DriverOptions - << {"method":"Runtime.executionContextCreated","params":{"context":{"id":3,"origin":"https://github.com","name":"","auxData":{"isDefault":true,"type":"default","frameId":"E77DF1D80C5272FC477D6889C1504946"}}}}
22:27:49.686 [nioEventLoopGroup-3-1] DEBUG c.intuit.karate.driver.DriverOptions - << {"id":31,"result":{"result":{"type":"boolean","value":false}}}
22:27:49.689 [ForkJoinPool-1-worker-1] DEBUG c.intuit.karate.driver.DriverOptions - waitUntil (js) - retry #1
22:27:50.005 [nioEventLoopGroup-3-1] DEBUG c.intuit.karate.driver.DriverOptions - << {"method":"Page.domContentEventFired","params":{"timestamp":19872.353897}}
22:27:50.229 [nioEventLoopGroup-3-1] DEBUG c.intuit.karate.driver.DriverOptions - << {"method":"Page.loadEventFired","params":{"timestamp":19872.574104}}
22:27:50.230 [nioEventLoopGroup-3-1] DEBUG c.intuit.karate.driver.DriverOptions - << {"method":"Page.frameStoppedLoading","params":{"frameId":"E77DF1D80C5272FC477D6889C1504946"}}
22:27:52.713 [ForkJoinPool-1-worker-1] DEBUG c.intuit.karate.driver.DriverOptions - >> {"method":"Runtime.evaluate","params":{"expression":"(document.querySelector(\"input[name=query]\") != null)","returnByValue":true},"id":32}
22:27:52.717 [nioEventLoopGroup-3-1] DEBUG c.intuit.karate.driver.DriverOptions - << {"id":32,"result":{"result":{"type":"boolean","value":true}}}
22:27:52.737 [ForkJoinPool-1-worker-1] DEBUG c.intuit.karate.driver.DriverOptions - >> {"method":"Runtime.evaluate","params":{"expression":"var e = document.querySelector(\"input[name=query]\"); e.focus(); try { e.selectionStart = e.selectionEnd = e.value.length } catch(x) {}","returnByValue":true},"id":33}
22:27:52.739 [nioEventLoopGroup-3-1] DEBUG c.intuit.karate.driver.DriverOptions - << {"id":33,"result":{"result":{"type":"number","value":0,"description":"0"}}}
22:27:52.740 [ForkJoinPool-1-worker-1] DEBUG c.intuit.karate.driver.DriverOptions - >> {"method":"Input.dispatchKeyEvent","params":{"modifier":0,"type":"keyDown","text":"k"},"id":34}
22:27:52.745 [nioEventLoopGroup-3-1] DEBUG c.intuit.karate.driver.DriverOptions - << {"id":34,"result":{}}
22:27:52.747 [ForkJoinPool-1-worker-1] DEBUG c.intuit.karate.driver.DriverOptions - >> {"method":"Input.dispatchKeyEvent","params":{"modifier":0,"type":"keyUp","windowsVirtualKeyCode":75},"id":35}
22:27:52.752 [nioEventLoopGroup-3-1] DEBUG c.intuit.karate.driver.DriverOptions - << {"id":35,"result":{}}
22:27:52.756 [ForkJoinPool-1-worker-1] DEBUG c.intuit.karate.driver.DriverOptions - >> {"method":"Input.dispatchKeyEvent","params":{"modifier":0,"type":"keyDown","text":"a"},"id":36}
22:27:52.760 [nioEventLoopGroup-3-1] DEBUG c.intuit.karate.driver.DriverOptions - << {"id":36,"result":{}}
22:27:52.761 [ForkJoinPool-1-worker-1] DEBUG c.intuit.karate.driver.DriverOptions - >> {"method":"Input.dispatchKeyEvent","params":{"modifier":0,"type":"keyUp","windowsVirtualKeyCode":65},"id":37}
22:27:52.763 [nioEventLoopGroup-3-1] DEBUG c.intuit.karate.driver.DriverOptions - << {"id":37,"result":{}}
22:27:52.763 [ForkJoinPool-1-worker-1] DEBUG c.intuit.karate.driver.DriverOptions - >> {"method":"Input.dispatchKeyEvent","params":{"modifier":0,"type":"keyDown","text":"r"},"id":38}
22:27:52.769 [nioEventLoopGroup-3-1] DEBUG c.intuit.karate.driver.DriverOptions - << {"id":38,"result":{}}
22:27:52.771 [ForkJoinPool-1-worker-1] DEBUG c.intuit.karate.driver.DriverOptions - >> {"method":"Input.dispatchKeyEvent","params":{"modifier":0,"type":"keyUp","windowsVirtualKeyCode":82},"id":39}
22:27:52.774 [nioEventLoopGroup-3-1] DEBUG c.intuit.karate.driver.DriverOptions - << {"id":39,"result":{}}
22:27:52.775 [ForkJoinPool-1-worker-1] DEBUG c.intuit.karate.driver.DriverOptions - >> {"method":"Input.dispatchKeyEvent","params":{"modifier":0,"type":"keyDown","text":"a"},"id":40}
22:27:52.779 [nioEventLoopGroup-3-1] DEBUG c.intuit.karate.driver.DriverOptions - << {"id":40,"result":{}}
22:27:52.780 [ForkJoinPool-1-worker-1] DEBUG c.intuit.karate.driver.DriverOptions - >> {"method":"Input.dispatchKeyEvent","params":{"modifier":0,"type":"keyUp","windowsVirtualKeyCode":65},"id":41}
22:27:52.782 [nioEventLoopGroup-3-1] DEBUG c.intuit.karate.driver.DriverOptions - << {"id":41,"result":{}}
22:27:52.787 [ForkJoinPool-1-worker-1] DEBUG c.intuit.karate.driver.DriverOptions - >> {"method":"Input.dispatchKeyEvent","params":{"modifier":0,"type":"keyDown","text":"t"},"id":42}
22:27:52.792 [nioEventLoopGroup-3-1] DEBUG c.intuit.karate.driver.DriverOptions - << {"id":42,"result":{}}
22:27:52.793 [ForkJoinPool-1-worker-1] DEBUG c.intuit.karate.driver.DriverOptions - >> {"method":"Input.dispatchKeyEvent","params":{"modifier":0,"type":"keyUp","windowsVirtualKeyCode":84},"id":43}
22:27:52.795 [nioEventLoopGroup-3-1] DEBUG c.intuit.karate.driver.DriverOptions - << {"id":43,"result":{}}
22:27:52.796 [ForkJoinPool-1-worker-1] DEBUG c.intuit.karate.driver.DriverOptions - >> {"method":"Input.dispatchKeyEvent","params":{"modifier":0,"type":"keyDown","text":"e"},"id":44}
22:27:52.801 [nioEventLoopGroup-3-1] DEBUG c.intuit.karate.driver.DriverOptions - << {"id":44,"result":{}}
22:27:52.801 [ForkJoinPool-1-worker-1] DEBUG c.intuit.karate.driver.DriverOptions - >> {"method":"Input.dispatchKeyEvent","params":{"modifier":0,"type":"keyUp","windowsVirtualKeyCode":69},"id":45}
22:27:52.804 [nioEventLoopGroup-3-1] DEBUG c.intuit.karate.driver.DriverOptions - << {"id":45,"result":{}}
22:27:52.804 [ForkJoinPool-1-worker-1] DEBUG c.intuit.karate.driver.DriverOptions - >> {"method":"Input.dispatchKeyEvent","params":{"modifier":0,"type":"keyDown","text":"-"},"id":46}
22:27:52.827 [nioEventLoopGroup-3-1] DEBUG c.intuit.karate.driver.DriverOptions - << {"id":46,"result":{}}
22:27:52.828 [ForkJoinPool-1-worker-1] DEBUG c.intuit.karate.driver.DriverOptions - >> {"method":"Input.dispatchKeyEvent","params":{"modifier":0,"type":"keyUp","windowsVirtualKeyCode":45},"id":47}
22:27:52.910 [nioEventLoopGroup-3-1] DEBUG c.intuit.karate.driver.DriverOptions - << {"id":47,"result":{}}
22:27:52.912 [ForkJoinPool-1-worker-1] DEBUG c.intuit.karate.driver.DriverOptions - >> {"method":"Input.dispatchKeyEvent","params":{"modifier":0,"type":"keyDown","text":"l"},"id":48}
22:27:52.938 [nioEventLoopGroup-3-1] DEBUG c.intuit.karate.driver.DriverOptions - << {"id":48,"result":{}}
22:27:52.938 [ForkJoinPool-1-worker-1] DEBUG c.intuit.karate.driver.DriverOptions - >> {"method":"Input.dispatchKeyEvent","params":{"modifier":0,"type":"keyUp","windowsVirtualKeyCode":76},"id":49}
22:27:52.940 [nioEventLoopGroup-3-1] DEBUG c.intuit.karate.driver.DriverOptions - << {"id":49,"result":{}}
22:27:52.941 [ForkJoinPool-1-worker-1] DEBUG c.intuit.karate.driver.DriverOptions - >> {"method":"Input.dispatchKeyEvent","params":{"modifier":0,"type":"keyDown","text":"o"},"id":50}
22:27:52.944 [nioEventLoopGroup-3-1] DEBUG c.intuit.karate.driver.DriverOptions - << {"id":50,"result":{}}
22:27:52.944 [ForkJoinPool-1-worker-1] DEBUG c.intuit.karate.driver.DriverOptions - >> {"method":"Input.dispatchKeyEvent","params":{"modifier":0,"type":"keyUp","windowsVirtualKeyCode":79},"id":51}
22:27:52.950 [nioEventLoopGroup-3-1] DEBUG c.intuit.karate.driver.DriverOptions - << {"id":51,"result":{}}
22:27:52.952 [ForkJoinPool-1-worker-1] DEBUG c.intuit.karate.driver.DriverOptions - >> {"method":"Input.dispatchKeyEvent","params":{"modifier":0,"type":"keyDown","text":"g"},"id":52}
22:27:52.957 [nioEventLoopGroup-3-1] DEBUG c.intuit.karate.driver.DriverOptions - << {"id":52,"result":{}}
22:27:52.958 [ForkJoinPool-1-worker-1] DEBUG c.intuit.karate.driver.DriverOptions - >> {"method":"Input.dispatchKeyEvent","params":{"modifier":0,"type":"keyUp","windowsVirtualKeyCode":71},"id":53}
22:27:52.960 [nioEventLoopGroup-3-1] DEBUG c.intuit.karate.driver.DriverOptions - << {"id":53,"result":{}}
22:27:52.961 [ForkJoinPool-1-worker-1] DEBUG c.intuit.karate.driver.DriverOptions - >> {"method":"Input.dispatchKeyEvent","params":{"modifier":0,"type":"keyDown","text":"o"},"id":54}
22:27:52.966 [nioEventLoopGroup-3-1] DEBUG c.intuit.karate.driver.DriverOptions - << {"id":54,"result":{}}
22:27:52.968 [ForkJoinPool-1-worker-1] DEBUG c.intuit.karate.driver.DriverOptions - >> {"method":"Input.dispatchKeyEvent","params":{"modifier":0,"type":"keyUp","windowsVirtualKeyCode":79},"id":55}
22:27:52.974 [nioEventLoopGroup-3-1] DEBUG c.intuit.karate.driver.DriverOptions - << {"id":55,"result":{}}
22:27:52.975 [ForkJoinPool-1-worker-1] DEBUG c.intuit.karate.driver.DriverOptions - >> {"method":"Input.dispatchKeyEvent","params":{"modifier":0,"type":"keyDown","text":"."},"id":56}
22:27:52.978 [nioEventLoopGroup-3-1] DEBUG c.intuit.karate.driver.DriverOptions - << {"id":56,"result":{}}
22:27:52.979 [ForkJoinPool-1-worker-1] DEBUG c.intuit.karate.driver.DriverOptions - >> {"method":"Input.dispatchKeyEvent","params":{"modifier":0,"type":"keyUp","windowsVirtualKeyCode":46},"id":57}
22:27:52.985 [nioEventLoopGroup-3-1] DEBUG c.intuit.karate.driver.DriverOptions - << {"id":57,"result":{}}
22:27:52.986 [ForkJoinPool-1-worker-1] DEBUG c.intuit.karate.driver.DriverOptions - >> {"method":"Input.dispatchKeyEvent","params":{"modifier":0,"type":"keyDown","text":"p"},"id":58}
22:27:52.993 [nioEventLoopGroup-3-1] DEBUG c.intuit.karate.driver.DriverOptions - << {"id":58,"result":{}}
22:27:52.994 [ForkJoinPool-1-worker-1] DEBUG c.intuit.karate.driver.DriverOptions - >> {"method":"Input.dispatchKeyEvent","params":{"modifier":0,"type":"keyUp","windowsVirtualKeyCode":80},"id":59}
22:27:52.996 [nioEventLoopGroup-3-1] DEBUG c.intuit.karate.driver.DriverOptions - << {"id":59,"result":{}}
22:27:52.996 [ForkJoinPool-1-worker-1] DEBUG c.intuit.karate.driver.DriverOptions - >> {"method":"Input.dispatchKeyEvent","params":{"modifier":0,"type":"keyDown","text":"n"},"id":60}
22:27:53.002 [nioEventLoopGroup-3-1] DEBUG c.intuit.karate.driver.DriverOptions - << {"id":60,"result":{}}
22:27:53.004 [ForkJoinPool-1-worker-1] DEBUG c.intuit.karate.driver.DriverOptions - >> {"method":"Input.dispatchKeyEvent","params":{"modifier":0,"type":"keyUp","windowsVirtualKeyCode":78},"id":61}
22:27:53.008 [nioEventLoopGroup-3-1] DEBUG c.intuit.karate.driver.DriverOptions - << {"id":61,"result":{}}
22:27:53.009 [ForkJoinPool-1-worker-1] DEBUG c.intuit.karate.driver.DriverOptions - >> {"method":"Input.dispatchKeyEvent","params":{"modifier":0,"type":"keyDown","text":"g"},"id":62}
22:27:53.012 [nioEventLoopGroup-3-1] DEBUG c.intuit.karate.driver.DriverOptions - << {"id":62,"result":{}}
22:27:53.013 [ForkJoinPool-1-worker-1] DEBUG c.intuit.karate.driver.DriverOptions - >> {"method":"Input.dispatchKeyEvent","params":{"modifier":0,"type":"keyUp","windowsVirtualKeyCode":71},"id":63}
22:27:53.017 [nioEventLoopGroup-3-1] DEBUG c.intuit.karate.driver.DriverOptions - << {"id":63,"result":{}}
22:27:53.045 [ForkJoinPool-1-worker-1] DEBUG c.intuit.karate.driver.DriverOptions - >> {"method":"Runtime.evaluate","params":{"expression":"(function(){ var res = []; var fun = function(_){ return _.innerText }; var es = document.querySelectorAll(\".js-tree-browser-result-path\"); es.forEach(function(e){ res.push(fun(e)) }); return res })()","returnByValue":true},"id":64}
22:27:53.058 [nioEventLoopGroup-3-1] DEBUG c.intuit.karate.driver.DriverOptions - << {"id":64,"result":{"result":{"type":"object","value":[".github/CODE_OF_CONDUCT.md",".github/CONTRIBUTING.md",".github/ISSUE_TEMPLATE.md",".github/PULL_REQUEST_TEMPLATE.md",".gitignore",".travis.yml","LICENSE","README.md","_config.yml","_includes/nav.html","_includes/toc.html","examples/consumer-driven-contracts/.gitignore","examples/consumer-driven-contracts/README.md","examples/consumer-driven-contracts/payment-consumer/pom.xml","examples/consumer-driven-contracts/payment-consumer/src/main/java/payment/consumer/Consumer.java","examples/consumer-driven-contracts/payment-consumer/src/test/java/logback-test.xml","examples/consumer-driven-contracts/payment-consumer/src/test/java/payment/consumer/ConsumerIntegrationAgainstMockTest.java","examples/consumer-driven-contracts/payment-consumer/src/test/java/payment/consumer/ConsumerIntegrationTest.java","examples/consumer-driven-contracts/payment-producer/pom.xml","examples/consumer-driven-contracts/payment-producer/src/main/java/payment/producer/Payment.java","exampl ...
22:27:53.058 [ForkJoinPool-1-worker-1] DEBUG c.intuit.karate.driver.DriverOptions - waitUntil (function) - retry #1
22:27:56.066 [ForkJoinPool-1-worker-1] DEBUG c.intuit.karate.driver.DriverOptions - >> {"method":"Runtime.evaluate","params":{"expression":"(function(){ var res = []; var fun = function(_){ return _.innerText }; var es = document.querySelectorAll(\".js-tree-browser-result-path\"); es.forEach(function(e){ res.push(fun(e)) }); return res })()","returnByValue":true},"id":65}
22:27:56.087 [nioEventLoopGroup-3-1] DEBUG c.intuit.karate.driver.DriverOptions - << {"id":65,"result":{"result":{"type":"object","value":["karate-core/src/main/resources/karate-logo.png","karate-junit4/src/test/java/com/intuit/karate/junit4/demos/karate-logo.png"]}}}
22:27:56.092 [ForkJoinPool-1-worker-1] DEBUG c.intuit.karate.driver.DriverOptions - >> {"method":"Target.closeTarget","params":{"targetId":"E77DF1D80C5272FC477D6889C1504946"},"id":66}
22:27:56.113 [nioEventLoopGroup-3-1] DEBUG c.i.k.netty.WebSocketClientHandler - websocket client disconnected
22:27:56.115 [ForkJoinPool-1-worker-1] DEBUG com.intuit.karate.shell.Command - closing command: chrome_1588213659393
22:27:56.200 [ForkJoinPool-1-worker-1] DEBUG com.intuit.karate.shell.Command - found / verified free local port: 54170
22:27:56.201 [ForkJoinPool-1-worker-1] WARN  c.intuit.karate.driver.DriverOptions - preferred port 9222 not available, will use: 54170
22:27:56.202 [ForkJoinPool-1-worker-1] DEBUG c.i.k.driver.chrome_1588213676200 - poll attempt #0 for port to be ready - localhost:54170
22:27:56.208 [chrome_1588213676200] DEBUG c.i.k.driver.chrome_1588213676200 - command: [C:\Program Files (x86)\Google\Chrome\Application\chrome.exe, --remote-debugging-port=54170, --no-first-run, --user-data-dir=C:\w\www\git\java-rev\gradleKarate\build\chrome_1588213676200, --disable-popup-blocking]
22:27:56.392 [chrome_1588213659393] WARN  com.intuit.karate.shell.Command - exit code was non-zero: 1 - [C:\Program Files (x86)\Google\Chrome\Application\chrome.exe, --remote-debugging-port=54105, --no-first-run, --user-data-dir=C:\w\www\git\java-rev\gradleKarate\build\chrome_1588213659393, --disable-popup-blocking]
22:27:56.524 [chrome_1588213676200] DEBUG c.i.k.driver.chrome_1588213676200 - 
22:27:56.525 [chrome_1588213676200] DEBUG c.i.k.driver.chrome_1588213676200 - DevTools listening on ws://127.0.0.1:54170/devtools/browser/9bffef6c-5929-4f9e-a01d-22585d2700b3
22:27:56.577 [chrome_1588213676200] DEBUG c.i.k.driver.chrome_1588213676200 - [5036:15612:0429/222756.577:ERROR:browser_switcher_service.cc(238)] XXX Init()
22:27:56.725 [ForkJoinPool-1-worker-1] DEBUG com.intuit.karate - request:
1 > GET http://localhost:54170
1 > Accept-Encoding: gzip,deflate
1 > Connection: Keep-Alive
1 > Host: localhost:54170
1 > User-Agent: Apache-HttpClient/4.5.11 (Java/1.8.0_231)

22:27:56.900 [ForkJoinPool-1-worker-1] DEBUG com.intuit.karate - response time in milliseconds: 173.47
1 < 200
1 < Content-Length: 5294
1 < Content-Type: text/html; charset=UTF-8
<!doctype html>
<html lang="en">
<title>Inspectable pages</title>
<meta name="referrer" content="no-referrer">
<style>
body {
  color: #222;
  font-family: Helvetica, Arial, sans-serif;
  margin: 0;
  text-shadow: rgba(255, 255, 255, 0.496094) 0px 1px 0px;
}

#caption {
  font-size: 16px;
  margin-top: 15px;
  margin-bottom: 10px;
  margin-left: 20px;
  height: 20px;
  text-align: left;
}

#items {
  display: flex;
  flex-direction: column;
  margin: 10px;
}

.item {
  color: #222;
  display: flex;
  flex-direction: row;
  text-decoration: none;
  padding: 10px;
  transition-property: background-color, border-color;
  transition: background-color 0.15s, 0.15s;
  transition-delay: 0ms, 0ms;
}

.item:not(.connected):hover {
  background-color: rgba(242, 242, 242, 1);
  border-color: rgba(110, 116, 128, 1);
  color: black;
}

.item.connected:hover {
  border-color: rgba(184, 184, 184, 1);
  color: rgb(110, 116, 128);
}

.item.custom {
    cursor: pointer;
}

.description {
  display: flex;
  flex-direction: column;
}

.title, .subtitle, .custom-url {
  font-size: 13px;
  margin: 4px 0px 0px 6px;
  overflow: hidden;
  padding-left: 20px;
}

.title {
  background-repeat: no-repeat;
  background-size: 16px;
  font-size: 15px;
}

.custom-url {
  display: flex;
}

.custom-url-label {
  flex: 0 0 auto;
}

.custom-url-value {
  font-family: monospace;
  margin-left: 1em;
}

</style>

<script>

function onLoad() {
  var tabsListRequest = new XMLHttpRequest();
  tabsListRequest.open('GET', '/json/list', true);
  tabsListRequest.onreadystatechange = onReady;
  tabsListRequest.send();
}

function onReady() {
  if(this.readyState == 4 && this.status == 200) {
    if(this.response != null)
      var responseJSON = JSON.parse(this.response);
      for (var i = 0; i < responseJSON.length; ++i)
        appendItem(responseJSON[i]);
  }
}

function onBlur(event) {
  const selection = window.getSelection();
  selection.removeAllRanges();
  event.stopPropagation();
  event.preventDefault();
}

function onFocus(selectElement, event) {
  selectNodeText(selectElement, event);
  event.stopPropagation();
  event.preventDefault();
}

function customFrontendURL(url) {
  if (!url || !window.location.hash)
    return null;

  var hashParams = new URLSearchParams(location.hash.substring(1));
  if (!hashParams.get("custom"))
    return null;

  var searchIndex = url.indexOf("?");
  if (searchIndex === -1)
    return null;
  var originalParams = url.substring(searchIndex + 1);
  if (hashParams.get("experiments"))
    originalParams += "&experiments=true";

  return "devtools://devtools/custom/inspector.html?" + originalParams;
}

function appendItem(item_object) {
  var item_element;
  var customURL = customFrontendURL(item_object.devtoolsFrontendUrl);
  if (customURL) {
    item_element = document.createElement('div');
    item_element.title = item_object.title;
    item_element.className = 'custom';
  } else if (item_object.devtoolsFrontendUrl) {
    item_element = document.createElement('a');
    item_element.href = item_object.devtoolsFrontendUrl;
    item_element.title = item_object.title;
  } else {
    item_element = document.createElement('div');
    item_element.className = 'connected';
    item_element.title = 'The tab already has an active debug session';
  }
  item_element.classList.add('item');

  var description = document.createElement('div');
  description.className = 'description';

  var title = document.createElement('div');
  title.className = 'title';
  title.textContent = item_object.description || item_object.title;
  if (item_object.faviconUrl) {
    title.style.backgroundImage = 'url(' + item_object.faviconUrl + ')';
  }
  description.appendChild(title);

  var subtitle = document.createElement('div');
  subtitle.className = 'subtitle';
  subtitle.textContent = (item_object.url || '').substring(0, 300);
  description.appendChild(subtitle);

  if (customURL) {
    var urlContainer = document.createElement('div');
    urlContainer.classList.add("custom-url");
    var urlLabel = document.createElement('div');
    urlLabel.classList.add("custom-url-label");
    urlLabel.textContent = "Click to copy URL:";
    urlContainer.appendChild(urlLabel);
    var urlValue = document.createElement('div');
    urlValue.classList.add("custom-url-value");
    urlValue.textContent = customURL;
    urlValue.tabIndex = 0;
    urlValue.addEventListener('blur', onBlur);
    urlValue.addEventListener('focus', event => onFocus(urlValue, event));
    urlContainer.appendChild(urlValue);
    description.appendChild(urlContainer);
    item_element.addEventListener('click', selectNodeText.bind(null, urlValue));
  }

  item_element.appendChild(description);

  document.getElementById('items').appendChild(item_element);
}

function selectNodeText(selectElement, event)
{
  var selection = window.getSelection();
  if (!selection.isCollapsed)
    return;
  var range = document.createRange();
  range.selectNode(selectElement);
  selection.removeAllRanges();
  selection.addRange(range);
  event.stopPropagation();
  event.preventDefault();
}
</script>
</head>
<body onload='onLoad()'>
  <div role='main'>
    <div id='caption' role='heading' aria-level='1'>Inspectable pages</div>
    <hr>
    <div id='items'>
    </div>
  </div>
</body>
</html>


22:27:56.904 [ForkJoinPool-1-worker-1] WARN  com.intuit.karate - xml parsing failed, response data type set to string: org.xml.sax.SAXParseException; lineNumber: 1; columnNumber: 3; The markup in the document preceding the root element must be well-formed.
22:27:56.904 [ForkJoinPool-1-worker-1] DEBUG com.intuit.karate.shell.Command - ready to accept http connections after 188 ms - http://localhost:54170
22:27:56.909 [ForkJoinPool-1-worker-1] DEBUG com.intuit.karate - request:
1 > GET http://localhost:54170/json
1 > Accept-Encoding: gzip,deflate
1 > Connection: Keep-Alive
1 > Host: localhost:54170
1 > User-Agent: Apache-HttpClient/4.5.11 (Java/1.8.0_231)

22:27:56.973 [ForkJoinPool-1-worker-1] DEBUG com.intuit.karate - response time in milliseconds: 61.68
1 < 200
1 < Content-Length: 825
1 < Content-Type: application/json; charset=UTF-8
[ {
   "description": "",
   "devtoolsFrontendUrl": "/devtools/inspector.html?ws=localhost:54170/devtools/page/518288FED4E7AC5DB92F9476DF282217",
   "id": "518288FED4E7AC5DB92F9476DF282217",
   "title": "Google Hangouts",
   "type": "background_page",
   "url": "chrome-extension://nkeimhogjdpnpccoofpliimaahmaaome/background.html",
   "webSocketDebuggerUrl": "ws://localhost:54170/devtools/page/518288FED4E7AC5DB92F9476DF282217"
}, {
   "description": "",
   "devtoolsFrontendUrl": "/devtools/inspector.html?ws=localhost:54170/devtools/page/A63581117C7F6764828A7D7DB95DA864",
   "id": "A63581117C7F6764828A7D7DB95DA864",
   "title": "",
   "type": "page",
   "url": "chrome://welcome/?variant=everywhere",
   "webSocketDebuggerUrl": "ws://localhost:54170/devtools/page/A63581117C7F6764828A7D7DB95DA864"
} ]


22:27:56.974 [ForkJoinPool-1-worker-1] DEBUG c.intuit.karate.driver.DriverOptions - root frame id: A63581117C7F6764828A7D7DB95DA864
22:27:57.049 [nioEventLoopGroup-4-1] DEBUG c.i.k.netty.WebSocketClientHandler - websocket client connected
22:27:57.052 [ForkJoinPool-1-worker-1] DEBUG c.intuit.karate.driver.DriverOptions - >> {"method":"Target.activateTarget","params":{"targetId":"A63581117C7F6764828A7D7DB95DA864"},"id":1}
22:27:57.176 [nioEventLoopGroup-4-1] DEBUG c.intuit.karate.driver.DriverOptions - << {"id":1,"result":{}}
22:27:57.181 [ForkJoinPool-1-worker-1] DEBUG c.intuit.karate.driver.DriverOptions - >> {"method":"Page.enable","id":2}
22:27:57.419 [nioEventLoopGroup-4-1] DEBUG c.intuit.karate.driver.DriverOptions - << {"id":2,"result":{}}
22:27:57.421 [ForkJoinPool-1-worker-1] DEBUG c.intuit.karate.driver.DriverOptions - >> {"method":"Runtime.enable","id":3}
22:27:57.436 [nioEventLoopGroup-4-1] DEBUG c.intuit.karate.driver.DriverOptions - << {"method":"Runtime.executionContextCreated","params":{"context":{"id":1,"origin":"chrome://welcome","name":"","auxData":{"isDefault":true,"type":"default","frameId":"A63581117C7F6764828A7D7DB95DA864"}}}}
22:27:57.436 [nioEventLoopGroup-4-1] DEBUG c.intuit.karate.driver.DriverOptions - << {"id":3,"result":{}}
22:27:57.437 [ForkJoinPool-1-worker-1] DEBUG c.intuit.karate.driver.DriverOptions - >> {"method":"Target.setAutoAttach","params":{"autoAttach":true,"waitForDebuggerOnStart":false,"flatten":true},"id":4}
22:27:57.525 [nioEventLoopGroup-4-1] DEBUG c.intuit.karate.driver.DriverOptions - << {"id":4,"result":{}}
22:27:57.525 [ForkJoinPool-1-worker-1] DEBUG c.intuit.karate.driver.DriverOptions - >> {"method":"Browser.getWindowForTarget","params":{"targetId":"A63581117C7F6764828A7D7DB95DA864"},"id":5}
22:27:57.527 [nioEventLoopGroup-4-1] DEBUG c.intuit.karate.driver.DriverOptions - << {"id":5,"result":{"windowId":1,"bounds":{"left":10,"top":40,"width":945,"height":1030,"windowState":"normal"}}}
22:27:57.909 [ForkJoinPool-1-worker-1] DEBUG c.intuit.karate.driver.DriverOptions - >> {"method":"Page.navigate","params":{"url":"https:\/\/semantic-ui.com\/modules\/dropdown.html"},"id":6}
22:27:57.991 [nioEventLoopGroup-4-1] DEBUG c.intuit.karate.driver.DriverOptions - << {"method":"Page.navigatedWithinDocument","params":{"frameId":"A63581117C7F6764828A7D7DB95DA864","url":"chrome://welcome/"}}
22:27:57.992 [nioEventLoopGroup-4-1] DEBUG c.intuit.karate.driver.DriverOptions - << {"method":"Page.domContentEventFired","params":{"timestamp":19880.340663}}
22:27:58.004 [ForkJoinPool-1-worker-1] DEBUG c.intuit.karate.driver.DriverOptions - >> {"method":"Runtime.evaluate","params":{"expression":"(function(){ var fun = function(e){ var d = window.getComputedStyle(e).display; while(d == 'none'){ e = e.parentElement; d = window.getComputedStyle(e).display } e.scrollIntoView({block: 'center'}) }; var e = document.querySelector(\"select[name=skills]\"); return fun(e) })()","returnByValue":true},"id":7}
22:27:58.042 [nioEventLoopGroup-4-1] DEBUG c.intuit.karate.driver.DriverOptions - << {"id":7,"result":{"result":{"type":"object","subtype":"error","className":"TypeError","description":"TypeError: Failed to execute 'getComputedStyle' on 'Window': parameter 1 is not of type 'Element'.\n    at fun (<anonymous>:1:52)\n    at <anonymous>:1:264\n    at <anonymous>:1:273","objectId":"{\"injectedScriptId\":1,\"id\":1}"},"exceptionDetails":{"exceptionId":1,"text":"Uncaught","lineNumber":0,"columnNumber":51,"scriptId":"60","stackTrace":{"callFrames":[{"functionName":"fun","scriptId":"60","url":"","lineNumber":0,"columnNumber":51},{"functionName":"","scriptId":"60","url":"","lineNumber":0,"columnNumber":263},{"functionName":"","scriptId":"60","url":"","lineNumber":0,"columnNumber":272}]},"exception":{"type":"object","subtype":"error","className":"TypeError","description":"TypeError: Failed to execute 'getComputedStyle' on 'Window': parameter 1 is not of type 'Element'.\n    at fun (<anonymous>:1:52)\n    at <anonymous>:1:264\n    at <anonymous>:1:273","objectId":"{\"injectedScriptId\":1,\"id\":2}"}}}}
22:27:58.042 [ForkJoinPool-1-worker-1] WARN  c.intuit.karate.driver.DriverOptions - js eval failed once:(function(){ var fun = function(e){ var d = window.getComputedStyle(e).display; while(d == 'none'){ e = e.parentElement; d = window.getComputedStyle(e).display } e.scrollIntoView({block: 'center'}) }; var e = document.querySelector("select[name=skills]"); return fun(e) })(), error: {"type":"object","subtype":"error","className":"TypeError","description":"TypeError: Failed to execute 'getComputedStyle' on 'Window': parameter 1 is not of type 'Element'.\n    at fun (<anonymous>:1:52)\n    at <anonymous>:1:264\n    at <anonymous>:1:273","objectId":"{\"injectedScriptId\":1,\"id\":1}"}
22:27:58.092 [nioEventLoopGroup-4-1] DEBUG c.intuit.karate.driver.DriverOptions - << {"method":"Page.frameStoppedLoading","params":{"frameId":"A63581117C7F6764828A7D7DB95DA864"}}
22:27:58.468 [nioEventLoopGroup-4-1] DEBUG c.intuit.karate.driver.DriverOptions - << {"id":6,"result":{"frameId":"A63581117C7F6764828A7D7DB95DA864","loaderId":"F90DE1A2CEA6FCBF43A5AFB8D89123A7"}}
22:27:58.468 [nioEventLoopGroup-4-1] DEBUG c.intuit.karate.driver.DriverOptions - << {"method":"Runtime.executionContextsCleared","params":{}}
22:27:58.468 [nioEventLoopGroup-4-1] DEBUG c.intuit.karate.driver.DriverOptions - << {"method":"Page.frameStartedLoading","params":{"frameId":"A63581117C7F6764828A7D7DB95DA864"}}
22:27:58.469 [nioEventLoopGroup-4-1] DEBUG c.intuit.karate.driver.DriverOptions - << {"method":"Runtime.executionContextsCleared","params":{}}
22:27:58.469 [nioEventLoopGroup-4-1] DEBUG c.intuit.karate.driver.DriverOptions - << {"method":"Page.frameNavigated","params":{"frame":{"id":"A63581117C7F6764828A7D7DB95DA864","loaderId":"F90DE1A2CEA6FCBF43A5AFB8D89123A7","url":"https://semantic-ui.com/modules/dropdown.html","securityOrigin":"https://semantic-ui.com","mimeType":"text/html"}}}
22:27:58.469 [nioEventLoopGroup-4-1] DEBUG c.intuit.karate.driver.DriverOptions - << {"method":"Runtime.executionContextCreated","params":{"context":{"id":1,"origin":"https://semantic-ui.com","name":"","auxData":{"isDefault":true,"type":"default","frameId":"A63581117C7F6764828A7D7DB95DA864"}}}}
22:27:58.922 [nioEventLoopGroup-4-1] DEBUG c.intuit.karate.driver.DriverOptions - << {"method":"Page.frameAttached","params":{"frameId":"9328453DF245171364FA308436EAF0F0","parentFrameId":"A63581117C7F6764828A7D7DB95DA864"}}
22:27:58.948 [nioEventLoopGroup-4-1] DEBUG c.intuit.karate.driver.DriverOptions - << {"method":"Page.frameStartedLoading","params":{"frameId":"9328453DF245171364FA308436EAF0F0"}}
22:27:59.056 [nioEventLoopGroup-4-1] DEBUG c.intuit.karate.driver.DriverOptions - << {"method":"Page.frameAttached","params":{"frameId":"0FBBF578B9B221D8207A4EAB11CFCF94","parentFrameId":"A63581117C7F6764828A7D7DB95DA864"}}
22:27:59.066 [nioEventLoopGroup-4-1] DEBUG c.intuit.karate.driver.DriverOptions - << {"method":"Page.frameStartedLoading","params":{"frameId":"0FBBF578B9B221D8207A4EAB11CFCF94"}}
[...]
22:28:10.095 [nioEventLoopGroup-5-1] DEBUG c.intuit.karate.driver.DriverOptions - << {"id":26,"result":{}}
22:28:10.095 [ForkJoinPool-1-worker-1] DEBUG c.intuit.karate.driver.DriverOptions - >> {"method":"Input.dispatchKeyEvent","params":{"modifier":0,"type":"keyUp","windowsVirtualKeyCode":76},"id":27}
22:28:10.097 [nioEventLoopGroup-5-1] DEBUG c.intuit.karate.driver.DriverOptions - << {"id":27,"result":{}}
22:28:10.097 [ForkJoinPool-1-worker-1] DEBUG c.intuit.karate.driver.DriverOptions - >> {"method":"Input.dispatchKeyEvent","params":{"modifier":0,"type":"keyDown","text":"d"},"id":28}
22:28:10.102 [nioEventLoopGroup-5-1] DEBUG c.intuit.karate.driver.DriverOptions - << {"id":28,"result":{}}
22:28:10.102 [ForkJoinPool-1-worker-1] DEBUG c.intuit.karate.driver.DriverOptions - >> {"method":"Input.dispatchKeyEvent","params":{"modifier":0,"type":"keyUp","windowsVirtualKeyCode":68},"id":29}
22:28:10.104 [nioEventLoopGroup-5-1] DEBUG c.intuit.karate.driver.DriverOptions - << {"id":29,"result":{}}
22:28:10.111 [ForkJoinPool-1-worker-1] DEBUG c.intuit.karate.driver.DriverOptions - >> {"method":"Runtime.evaluate","params":{"expression":"document.querySelector(\"input[name=commit]\").click()","returnByValue":true},"id":30}
22:28:10.126 [nioEventLoopGroup-5-1] DEBUG c.intuit.karate.driver.DriverOptions - << {"method":"Page.frameScheduledNavigation","params":{"frameId":"53178B4A63853C7C9AB3BEED2C7E7737","delay":0,"reason":"formSubmissionPost","url":"https://github.com/session"}}
22:28:10.127 [nioEventLoopGroup-5-1] DEBUG c.intuit.karate.driver.DriverOptions - << {"method":"Page.frameRequestedNavigation","params":{"frameId":"53178B4A63853C7C9AB3BEED2C7E7737","reason":"formSubmissionPost","url":"https://github.com/session"}}
22:28:10.127 [nioEventLoopGroup-5-1] DEBUG c.intuit.karate.driver.DriverOptions - << {"method":"Page.frameStartedLoading","params":{"frameId":"53178B4A63853C7C9AB3BEED2C7E7737"}}
22:28:10.128 [nioEventLoopGroup-5-1] DEBUG c.intuit.karate.driver.DriverOptions - << {"method":"Page.frameClearedScheduledNavigation","params":{"frameId":"53178B4A63853C7C9AB3BEED2C7E7737"}}
22:28:10.128 [nioEventLoopGroup-5-1] DEBUG c.intuit.karate.driver.DriverOptions - << {"id":30,"result":{"result":{"type":"undefined"}}}
22:28:10.308 [nioEventLoopGroup-5-1] DEBUG c.intuit.karate.driver.DriverOptions - << {"method":"Runtime.executionContextDestroyed","params":{"executionContextId":1}}
22:28:10.309 [nioEventLoopGroup-5-1] DEBUG c.intuit.karate.driver.DriverOptions - << {"method":"Runtime.executionContextsCleared","params":{}}
22:28:10.311 [nioEventLoopGroup-5-1] DEBUG c.intuit.karate.driver.DriverOptions - << {"method":"Page.frameNavigated","params":{"frame":{"id":"53178B4A63853C7C9AB3BEED2C7E7737","loaderId":"F2E8FBA8D8611D346EF4543896898C46","url":"https://github.com/session","securityOrigin":"https://github.com","mimeType":"text/html"}}}
22:28:10.317 [nioEventLoopGroup-5-1] DEBUG c.intuit.karate.driver.DriverOptions - << {"method":"Runtime.executionContextCreated","params":{"context":{"id":2,"origin":"https://github.com","name":"","auxData":{"isDefault":true,"type":"default","frameId":"53178B4A63853C7C9AB3BEED2C7E7737"}}}}
22:28:10.376 [nioEventLoopGroup-5-1] DEBUG c.intuit.karate.driver.DriverOptions - << {"method":"Page.domContentEventFired","params":{"timestamp":19892.723293}}
22:28:10.387 [ForkJoinPool-1-worker-1] DEBUG c.intuit.karate.driver.DriverOptions - >> {"method":"Runtime.evaluate","params":{"expression":"document.querySelector(\"#js-flash-container\")['outerHTML']","returnByValue":true},"id":31}
22:28:10.431 [nioEventLoopGroup-5-1] DEBUG c.intuit.karate.driver.DriverOptions - << {"id":31,"result":{"result":{"type":"string","value":"<div id=\"js-flash-container\">\n\n    <div class=\"flash flash-full flash-error \">\n  <div class=\"container-lg px-2\">\n    <button class=\"flash-close js-flash-close\" type=\"button\" aria-label=\"Dismiss this message\">\n      <svg class=\"octicon octicon-x\" viewBox=\"0 0 12 16\" version=\"1.1\" width=\"12\" height=\"16\" aria-hidden=\"true\"><path fill-rule=\"evenodd\" d=\"M7.48 8l3.75 3.75-1.48 1.48L6 9.48l-3.75 3.75-1.48-1.48L4.52 8 .77 4.25l1.48-1.48L6 6.52l3.75-3.75 1.48 1.48L7.48 8z\"></path></svg>\n    </button>\n    \n      Incorrect username or password.\n\n  </div>\n</div>\n\n  <template class=\"js-flash-template\">\n    <div class=\"flash flash-full  js-flash-template-container\">\n  <div class=\"container-lg px-2\">\n    <button class=\"flash-close js-flash-close\" type=\"button\" aria-label=\"Dismiss this message\">\n      <svg class=\"octicon octicon-x\" viewBox=\"0 0 12 16\" version=\"1.1\" width=\"12\" height=\"16\" aria-hidden=\"true ...
22:28:10.438 [ForkJoinPool-1-worker-1] DEBUG c.intuit.karate.driver.DriverOptions - >> {"method":"Page.navigate","params":{"url":"https:\/\/google.com"},"id":32}
22:28:10.440 [nioEventLoopGroup-5-1] DEBUG c.intuit.karate.driver.DriverOptions - << {"method":"Page.loadEventFired","params":{"timestamp":19892.786696}}
22:28:10.441 [nioEventLoopGroup-5-1] DEBUG c.intuit.karate.driver.DriverOptions - << {"method":"Page.frameStoppedLoading","params":{"frameId":"53178B4A63853C7C9AB3BEED2C7E7737"}}
22:28:10.453 [ForkJoinPool-1-worker-1] DEBUG c.intuit.karate.driver.DriverOptions - >> {"method":"Runtime.evaluate","params":{"expression":"var e = document.querySelector(\"input[name=q]\"); e.focus(); try { e.selectionStart = e.selectionEnd = e.value.length } catch(x) {}","returnByValue":true},"id":33}
22:28:10.775 [nioEventLoopGroup-5-1] DEBUG c.intuit.karate.driver.DriverOptions - << {"id":32,"result":{"frameId":"53178B4A63853C7C9AB3BEED2C7E7737","loaderId":"36CCE08F1CB5DDC21F99059D1EA12EE2"}}
22:28:10.775 [nioEventLoopGroup-5-1] DEBUG c.intuit.karate.driver.DriverOptions - << {"method":"Runtime.executionContextsCleared","params":{}}
22:28:10.797 [nioEventLoopGroup-5-1] DEBUG c.intuit.karate.driver.DriverOptions - << {"method":"Page.frameStartedLoading","params":{"frameId":"53178B4A63853C7C9AB3BEED2C7E7737"}}
22:28:10.810 [nioEventLoopGroup-5-1] DEBUG c.intuit.karate.driver.DriverOptions - << {"method":"Runtime.executionContextsCleared","params":{}}
22:28:10.811 [nioEventLoopGroup-5-1] DEBUG c.intuit.karate.driver.DriverOptions - << {"method":"Page.frameNavigated","params":{"frame":{"id":"53178B4A63853C7C9AB3BEED2C7E7737","loaderId":"36CCE08F1CB5DDC21F99059D1EA12EE2","url":"https://www.google.com/","securityOrigin":"https://www.google.com","mimeType":"text/html"}}}
22:28:10.811 [nioEventLoopGroup-5-1] DEBUG c.intuit.karate.driver.DriverOptions - << {"method":"Runtime.executionContextCreated","params":{"context":{"id":1,"origin":"https://www.google.com","name":"","auxData":{"isDefault":true,"type":"default","frameId":"53178B4A63853C7C9AB3BEED2C7E7737"}}}}
22:28:10.812 [nioEventLoopGroup-5-1] DEBUG c.intuit.karate.driver.DriverOptions - << {"id":33,"result":{"result":{"type":"object","subtype":"error","className":"TypeError","description":"TypeError: Cannot read property 'focus' of null\n    at <anonymous>:1:52","objectId":"{\"injectedScriptId\":1,\"id\":1}"},"exceptionDetails":{"exceptionId":1,"text":"Uncaught","lineNumber":0,"columnNumber":51,"scriptId":"5","stackTrace":{"callFrames":[{"functionName":"","scriptId":"5","url":"","lineNumber":0,"columnNumber":51}]},"exception":{"type":"object","subtype":"error","className":"TypeError","description":"TypeError: Cannot read property 'focus' of null\n    at <anonymous>:1:52","objectId":"{\"injectedScriptId\":1,\"id\":2}"}}}}
22:28:10.813 [ForkJoinPool-1-worker-1] WARN  c.intuit.karate.driver.DriverOptions - js eval failed once:var e = document.querySelector("input[name=q]"); e.focus(); try { e.selectionStart = e.selectionEnd = e.value.length } catch(x) {}, error: {"type":"object","subtype":"error","className":"TypeError","description":"TypeError: Cannot read property 'focus' of null\n    at <anonymous>:1:52","objectId":"{\"injectedScriptId\":1,\"id\":1}"}
22:28:10.995 [nioEventLoopGroup-5-1] DEBUG c.intuit.karate.driver.DriverOptions - << {"method":"Page.domContentEventFired","params":{"timestamp":19893.343633}}
22:28:11.225 [nioEventLoopGroup-5-1] DEBUG c.intuit.karate.driver.DriverOptions - << {"method":"Page.navigatedWithinDocument","params":{"frameId":"53178B4A63853C7C9AB3BEED2C7E7737","url":"https://www.google.com/"}}
22:28:11.577 [nioEventLoopGroup-5-1] DEBUG c.intuit.karate.driver.DriverOptions - << {"method":"Page.loadEventFired","params":{"timestamp":19893.925699}}
22:28:11.577 [nioEventLoopGroup-5-1] DEBUG c.intuit.karate.driver.DriverOptions - << {"method":"Page.frameStoppedLoading","params":{"frameId":"53178B4A63853C7C9AB3BEED2C7E7737"}}
22:28:13.813 [ForkJoinPool-1-worker-1] DEBUG c.intuit.karate.driver.DriverOptions - >> {"method":"Runtime.evaluate","params":{"expression":"var e = document.querySelector(\"input[name=q]\"); e.focus(); try { e.selectionStart = e.selectionEnd = e.value.length } catch(x) {}","returnByValue":true},"id":34}
22:28:13.818 [nioEventLoopGroup-5-1] DEBUG c.intuit.karate.driver.DriverOptions - << {"id":34,"result":{"result":{"type":"number","value":0,"description":"0"}}}
22:28:13.819 [ForkJoinPool-1-worker-1] DEBUG c.intuit.karate.driver.DriverOptions - >> {"method":"Input.dispatchKeyEvent","params":{"modifier":0,"type":"keyDown","text":"k"},"id":35}
22:28:13.839 [nioEventLoopGroup-5-1] DEBUG c.intuit.karate.driver.DriverOptions - << {"id":35,"result":{}}
22:28:13.839 [ForkJoinPool-1-worker-1] DEBUG c.intuit.karate.driver.DriverOptions - >> {"method":"Input.dispatchKeyEvent","params":{"modifier":0,"type":"keyUp","windowsVirtualKeyCode":75},"id":36}
22:28:13.842 [nioEventLoopGroup-5-1] DEBUG c.intuit.karate.driver.DriverOptions - << {"id":36,"result":{}}
22:28:13.842 [ForkJoinPool-1-worker-1] DEBUG c.intuit.karate.driver.DriverOptions - >> {"method":"Input.dispatchKeyEvent","params":{"modifier":0,"type":"keyDown","text":"a"},"id":37}
22:28:13.853 [nioEventLoopGroup-5-1] DEBUG c.intuit.karate.driver.DriverOptions - << {"id":37,"result":{}}
22:28:13.854 [ForkJoinPool-1-worker-1] DEBUG c.intuit.karate.driver.DriverOptions - >> {"method":"Input.dispatchKeyEvent","params":{"modifier":0,"type":"keyUp","windowsVirtualKeyCode":65},"id":38}
22:28:13.857 [nioEventLoopGroup-5-1] DEBUG c.intuit.karate.driver.DriverOptions - << {"id":38,"result":{}}
22:28:13.857 [ForkJoinPool-1-worker-1] DEBUG c.intuit.karate.driver.DriverOptions - >> {"method":"Input.dispatchKeyEvent","params":{"modifier":0,"type":"keyDown","text":"r"},"id":39}
22:28:13.869 [nioEventLoopGroup-5-1] DEBUG c.intuit.karate.driver.DriverOptions - << {"id":39,"result":{}}
22:28:13.869 [ForkJoinPool-1-worker-1] DEBUG c.intuit.karate.driver.DriverOptions - >> {"method":"Input.dispatchKeyEvent","params":{"modifier":0,"type":"keyUp","windowsVirtualKeyCode":82},"id":40}
22:28:13.874 [nioEventLoopGroup-5-1] DEBUG c.intuit.karate.driver.DriverOptions - << {"id":40,"result":{}}
22:28:13.874 [ForkJoinPool-1-worker-1] DEBUG c.intuit.karate.driver.DriverOptions - >> {"method":"Input.dispatchKeyEvent","params":{"modifier":0,"type":"keyDown","text":"a"},"id":41}
22:28:13.882 [nioEventLoopGroup-5-1] DEBUG c.intuit.karate.driver.DriverOptions - << {"id":41,"result":{}}
22:28:13.883 [ForkJoinPool-1-worker-1] DEBUG c.intuit.karate.driver.DriverOptions - >> {"method":"Input.dispatchKeyEvent","params":{"modifier":0,"type":"keyUp","windowsVirtualKeyCode":65},"id":42}
22:28:13.914 [nioEventLoopGroup-5-1] DEBUG c.intuit.karate.driver.DriverOptions - << {"id":42,"result":{}}
22:28:13.914 [ForkJoinPool-1-worker-1] DEBUG c.intuit.karate.driver.DriverOptions - >> {"method":"Input.dispatchKeyEvent","params":{"modifier":0,"type":"keyDown","text":"t"},"id":43}
22:28:13.921 [nioEventLoopGroup-5-1] DEBUG c.intuit.karate.driver.DriverOptions - << {"id":43,"result":{}}
22:28:13.921 [ForkJoinPool-1-worker-1] DEBUG c.intuit.karate.driver.DriverOptions - >> {"method":"Input.dispatchKeyEvent","params":{"modifier":0,"type":"keyUp","windowsVirtualKeyCode":84},"id":44}
22:28:13.938 [nioEventLoopGroup-5-1] DEBUG c.intuit.karate.driver.DriverOptions - << {"id":44,"result":{}}
22:28:13.938 [ForkJoinPool-1-worker-1] DEBUG c.intuit.karate.driver.DriverOptions - >> {"method":"Input.dispatchKeyEvent","params":{"modifier":0,"type":"keyDown","text":"e"},"id":45}
22:28:13.976 [nioEventLoopGroup-5-1] DEBUG c.intuit.karate.driver.DriverOptions - << {"id":45,"result":{}}
22:28:13.976 [ForkJoinPool-1-worker-1] DEBUG c.intuit.karate.driver.DriverOptions - >> {"method":"Input.dispatchKeyEvent","params":{"modifier":0,"type":"keyUp","windowsVirtualKeyCode":69},"id":46}
22:28:13.992 [nioEventLoopGroup-5-1] DEBUG c.intuit.karate.driver.DriverOptions - << {"id":46,"result":{}}
22:28:13.992 [ForkJoinPool-1-worker-1] DEBUG c.intuit.karate.driver.DriverOptions - >> {"method":"Input.dispatchKeyEvent","params":{"modifier":0,"type":"keyDown","text":" "},"id":47}
22:28:14.003 [nioEventLoopGroup-5-1] DEBUG c.intuit.karate.driver.DriverOptions - << {"id":47,"result":{}}
22:28:14.005 [ForkJoinPool-1-worker-1] DEBUG c.intuit.karate.driver.DriverOptions - >> {"method":"Input.dispatchKeyEvent","params":{"modifier":0,"type":"keyUp","windowsVirtualKeyCode":32},"id":48}
22:28:14.016 [nioEventLoopGroup-5-1] DEBUG c.intuit.karate.driver.DriverOptions - << {"id":48,"result":{}}
22:28:14.016 [ForkJoinPool-1-worker-1] DEBUG c.intuit.karate.driver.DriverOptions - >> {"method":"Input.dispatchKeyEvent","params":{"modifier":0,"type":"keyDown","text":"d"},"id":49}
22:28:14.034 [nioEventLoopGroup-5-1] DEBUG c.intuit.karate.driver.DriverOptions - << {"id":49,"result":{}}
22:28:14.034 [ForkJoinPool-1-worker-1] DEBUG c.intuit.karate.driver.DriverOptions - >> {"method":"Input.dispatchKeyEvent","params":{"modifier":0,"type":"keyUp","windowsVirtualKeyCode":68},"id":50}
22:28:14.124 [nioEventLoopGroup-5-1] DEBUG c.intuit.karate.driver.DriverOptions - << {"id":50,"result":{}}
22:28:14.124 [ForkJoinPool-1-worker-1] DEBUG c.intuit.karate.driver.DriverOptions - >> {"method":"Input.dispatchKeyEvent","params":{"modifier":0,"type":"keyDown","text":"s"},"id":51}
22:28:14.151 [nioEventLoopGroup-5-1] DEBUG c.intuit.karate.driver.DriverOptions - << {"id":51,"result":{}}
22:28:14.151 [ForkJoinPool-1-worker-1] DEBUG c.intuit.karate.driver.DriverOptions - >> {"method":"Input.dispatchKeyEvent","params":{"modifier":0,"type":"keyUp","windowsVirtualKeyCode":83},"id":52}
22:28:14.160 [nioEventLoopGroup-5-1] DEBUG c.intuit.karate.driver.DriverOptions - << {"id":52,"result":{}}
22:28:14.161 [ForkJoinPool-1-worker-1] DEBUG c.intuit.karate.driver.DriverOptions - >> {"method":"Input.dispatchKeyEvent","params":{"modifier":0,"type":"keyDown","text":"l"},"id":53}
22:28:14.171 [nioEventLoopGroup-5-1] DEBUG c.intuit.karate.driver.DriverOptions - << {"id":53,"result":{}}
22:28:14.172 [ForkJoinPool-1-worker-1] DEBUG c.intuit.karate.driver.DriverOptions - >> {"method":"Input.dispatchKeyEvent","params":{"modifier":0,"type":"keyUp","windowsVirtualKeyCode":76},"id":54}
22:28:14.173 [nioEventLoopGroup-5-1] DEBUG c.intuit.karate.driver.DriverOptions - << {"id":54,"result":{}}
22:28:14.177 [ForkJoinPool-1-worker-1] DEBUG c.intuit.karate.driver.DriverOptions - >> {"method":"Runtime.evaluate","params":{"expression":"document.querySelector(\"input[name=btnI]\").click()","returnByValue":true},"id":55}
22:28:14.205 [nioEventLoopGroup-5-1] DEBUG c.intuit.karate.driver.DriverOptions - << {"method":"Page.frameScheduledNavigation","params":{"frameId":"53178B4A63853C7C9AB3BEED2C7E7737","delay":0,"reason":"formSubmissionGet","url":"https://www.google.com/search?source=hp&ei=ujeqXsiYJL6tytMPvdSBgAQ&iflsig=AINFCbYAAAAAXqpFyhF58oBMOF2NOQEHMS-W96hKii25&q=karate+dsl&btnI=I%27m+Feeling+Lucky&ved=0ahUKEwjI3euGjY_pAhW-lnIEHT1qAEAQ19QECAo"}}
22:28:14.206 [nioEventLoopGroup-5-1] DEBUG c.intuit.karate.driver.DriverOptions - << {"method":"Page.frameRequestedNavigation","params":{"frameId":"53178B4A63853C7C9AB3BEED2C7E7737","reason":"formSubmissionGet","url":"https://www.google.com/search?source=hp&ei=ujeqXsiYJL6tytMPvdSBgAQ&iflsig=AINFCbYAAAAAXqpFyhF58oBMOF2NOQEHMS-W96hKii25&q=karate+dsl&btnI=I%27m+Feeling+Lucky&ved=0ahUKEwjI3euGjY_pAhW-lnIEHT1qAEAQ19QECAo"}}
22:28:14.206 [nioEventLoopGroup-5-1] DEBUG c.intuit.karate.driver.DriverOptions - << {"method":"Page.frameStartedLoading","params":{"frameId":"53178B4A63853C7C9AB3BEED2C7E7737"}}
22:28:14.207 [nioEventLoopGroup-5-1] DEBUG c.intuit.karate.driver.DriverOptions - << {"method":"Page.frameClearedScheduledNavigation","params":{"frameId":"53178B4A63853C7C9AB3BEED2C7E7737"}}
22:28:14.207 [nioEventLoopGroup-5-1] DEBUG c.intuit.karate.driver.DriverOptions - << {"id":55,"result":{"result":{"type":"undefined"}}}
22:28:14.968 [nioEventLoopGroup-5-1] DEBUG c.intuit.karate.driver.DriverOptions - << {"method":"Runtime.executionContextsCleared","params":{}}
22:28:14.991 [nioEventLoopGroup-5-1] DEBUG c.intuit.karate.driver.DriverOptions - << {"method":"Page.frameStartedLoading","params":{"frameId":"53178B4A63853C7C9AB3BEED2C7E7737"}}
22:28:14.998 [nioEventLoopGroup-5-1] DEBUG c.intuit.karate.driver.DriverOptions - << {"method":"Runtime.executionContextsCleared","params":{}}
22:28:15.000 [nioEventLoopGroup-5-1] DEBUG c.intuit.karate.driver.DriverOptions - << {"method":"Page.frameNavigated","params":{"frame":{"id":"53178B4A63853C7C9AB3BEED2C7E7737","loaderId":"4BADA81DE0E5A209132BE4333C36A983","url":"https://github.com/intuit/karate","securityOrigin":"https://github.com","mimeType":"text/html"}}}
22:28:15.002 [nioEventLoopGroup-5-1] DEBUG c.intuit.karate.driver.DriverOptions - << {"method":"Runtime.executionContextCreated","params":{"context":{"id":1,"origin":"https://github.com","name":"","auxData":{"isDefault":true,"type":"default","frameId":"53178B4A63853C7C9AB3BEED2C7E7737"}}}}
22:28:16.122 [nioEventLoopGroup-5-1] DEBUG c.intuit.karate.driver.DriverOptions - << {"method":"Page.domContentEventFired","params":{"timestamp":19898.471391}}
22:28:16.130 [ForkJoinPool-1-worker-1] DEBUG c.intuit.karate.driver.DriverOptions - >> {"method":"Target.closeTarget","params":{"targetId":"53178B4A63853C7C9AB3BEED2C7E7737"},"id":56}
22:28:16.132 [nioEventLoopGroup-5-1] DEBUG c.i.k.netty.WebSocketClientHandler - websocket client disconnected
22:28:16.134 [ForkJoinPool-1-worker-1] DEBUG com.intuit.karate.shell.Command - closing command: chrome_1588213684449
22:28:16.141 [pool-1-thread-1] INFO  com.intuit.karate.Runner - <<pass>> feature 2 of 2: classpath:jobtest/web/web2.feature
---------------------------------------------------------
feature: classpath:jobtest/web/web2.feature
report: build\surefire-reports\jobtest.web.web2.json
scenarios:  1 | passed:  1 | failed:  0 | time: 11.6817
---------------------------------------------------------
Karate version: 0.9.5
======================================================
elapsed:  55.66 | threads:    1 | thread time: 54.29 
features:     2 | ignored:    0 | efficiency: 0.98
scenarios:    4 | passed:     3 | failed: 1
======================================================
failed features:
jobtest.web.web1: web1.feature:6 - driver config / start failed: failed to get reply for: [id: 5, method: Browser.getWindowForTarget, params: {targetId=4076DDF0259A328B4EE1D4958D22DB07}], options: {type=chrome, showDriverLog=true, target=null}

22:28:16.987 [chrome_1588213684449] WARN  com.intuit.karate.shell.Command - exit code was non-zero: 1 - [C:\Program Files (x86)\Google\Chrome\Application\chrome.exe, --remote-debugging-port=54223, --no-first-run, --user-data-dir=C:\w\www\git\java-rev\gradleKarate\build\chrome_1588213684449, --disable-popup-blocking]
]]></system-out>
  <system-err><![CDATA[[Fatal Error] :1:3: The markup in the document preceding the root element must be well-formed.
[Fatal Error] :1:3: The markup in the document preceding the root element must be well-formed.
[Fatal Error] :1:3: The markup in the document preceding the root element must be well-formed.
[Fatal Error] :1:3: The markup in the document preceding the root element must be well-formed.
]]></system-err>
</testsuite>
