<?xml version="1.0" encoding="UTF-8"?>
<testng-results skipped="0" failed="0" total="2" passed="2">
  <reporter-output>
  </reporter-output>
  <suite name="Default suite" duration-ms="17439" started-at="2020-02-04T05:36:08Z" finished-at="2020-02-04T05:36:25Z">
    <groups>
      <group name="cucumber">
        <method signature="AbstractTestNGCucumberTests.feature(cucumber.api.testng.CucumberFeatureWrapper)[pri:0, instance:com.revature.behaviortests.TestRunner@224edc67]" name="feature" class="cucumber.api.testng.AbstractTestNGCucumberTests"/>
      </group> <!-- cucumber -->
    </groups>
    <test name="Default test" duration-ms="17439" started-at="2020-02-04T05:36:08Z" finished-at="2020-02-04T05:36:25Z">
      <class name="com.revature.behaviortests.TestRunner">
        <test-method status="PASS" signature="setUpClass()[pri:0, instance:com.revature.behaviortests.TestRunner@224edc67]" name="setUpClass" is-config="true" duration-ms="275" started-at="2020-02-04T00:36:08Z" finished-at="2020-02-04T00:36:08Z">
          <reporter-output>
          </reporter-output>
        </test-method> <!-- setUpClass -->
        <test-method status="PASS" signature="feature(cucumber.api.testng.CucumberFeatureWrapper)[pri:0, instance:com.revature.behaviortests.TestRunner@224edc67]" name="feature" duration-ms="8136" started-at="2020-02-04T00:36:08Z" description="Runs Cucumber Feature" data-provider="features" finished-at="2020-02-04T00:36:16Z">
          <params>
            <param index="0">
              <value>
                <![CDATA[Wikipedia supports many languages]]>
              </value>
            </param>
          </params>
          <reporter-output>
          </reporter-output>
        </test-method> <!-- feature -->
        <test-method status="PASS" signature="feature(cucumber.api.testng.CucumberFeatureWrapper)[pri:0, instance:com.revature.behaviortests.TestRunner@224edc67]" name="feature" duration-ms="8946" started-at="2020-02-04T00:36:16Z" description="Runs Cucumber Feature" data-provider="features" finished-at="2020-02-04T00:36:25Z">
          <params>
            <param index="0">
              <value>
                <![CDATA[Searching of Wikipedia]]>
              </value>
            </param>
          </params>
          <reporter-output>
          </reporter-output>
        </test-method> <!-- feature -->
        <test-method status="PASS" signature="tearDownClass()[pri:0, instance:com.revature.behaviortests.TestRunner@224edc67]" name="tearDownClass" is-config="true" duration-ms="3" started-at="2020-02-04T00:36:25Z" finished-at="2020-02-04T00:36:25Z">
          <reporter-output>
          </reporter-output>
        </test-method> <!-- tearDownClass -->
        <test-method status="PASS" signature="teardown()[pri:0, instance:com.revature.behaviortests.TestRunner@224edc67]" name="teardown" is-config="true" duration-ms="2031" started-at="2020-02-04T00:36:25Z" finished-at="2020-02-04T00:36:27Z">
          <reporter-output>
          </reporter-output>
        </test-method> <!-- teardown -->
      </class> <!-- com.revature.behaviortests.TestRunner -->
    </test> <!-- Default test -->
  </suite> <!-- Default suite -->
</testng-results>
