<testsuite failures="1" name="jobtest/web/web1.feature" skipped="0" tests="3" time="39.396172">
  <testcase classname="jobtest.web.web1" name="try to login to github" time="12.053584">
    <system-out>Given driver 'https://github.com/login' ................................... passed
And input('#login_field', 'dummy') ........................................ passed
And input('#password', 'world') ........................................... passed
When submit().click("input[name=commit]") ................................. passed
Then match html('#js-flash-container') contains 'Incorrect username or password.' . passed
Given driver 'https://google.com' ......................................... passed
And input("input[name=q]", 'karate dsl') .................................. passed
When submit().click("input[name=btnI]") ................................... passed
Then waitForUrl('https://github.com/intuit/karate') ....................... passed</system-out>
  </testcase>
  <testcase classname="jobtest.web.web1" name="google search, land on the karate github page, and search for a file" time="11.526794">
    <system-out>Given driver 'https://github.com/login' ................................... passed
And input('#login_field', 'dummy') ........................................ passed
And input('#password', 'world') ........................................... passed
When submit().click("input[name=commit]") ................................. passed
Then match html('#js-flash-container') contains 'Incorrect username or password.' . passed
Given driver 'https://google.com' ......................................... passed
And input("input[name=q]", 'karate dsl') .................................. passed
When submit().click("input[name=btnI]") ................................... passed
Then waitForUrl('https://github.com/intuit/karate') ....................... passed
Given driver 'https://google.com' ......................................... passed
And input('input[name=q]', 'karate dsl') .................................. passed
When click('input[name=btnI]') ............................................ passed
Then waitForUrl('https://github.com/intuit/karate') ....................... passed
When click('{a}Find file') ................................................ passed
And def searchField = waitFor('input[name=query]') ........................ passed
Then match driver.url == 'https://github.com/intuit/karate/find/master' ... passed
When searchField.input('karate-logo.png') ................................. passed
Then def searchResults = waitForResultCount('.js-tree-browser-result-path', 2, '_.innerText') . passed
Then match searchResults contains 'karate-core/src/main/resources/karate-logo.png' . passed</system-out>
  </testcase>
  <testcase classname="jobtest.web.web1" name="test-automation challenge" time="15.815794">
    <failure message="web1.feature:33 - driver config / start failed: failed to get reply for: [id: 5, method: Browser.getWindowForTarget, params: {targetId=D6276D9DC3CA02D59DA73CED41023B1E}], options: {type=chrome, showDriverLog=true, target=null}">Given driver 'https://github.com/login' ................................... passed
And input('#login_field', 'dummy') ........................................ passed
And input('#password', 'world') ........................................... passed
When submit().click("input[name=commit]") ................................. passed
Then match html('#js-flash-container') contains 'Incorrect username or password.' . passed
Given driver 'https://google.com' ......................................... passed
And input("input[name=q]", 'karate dsl') .................................. passed
When submit().click("input[name=btnI]") ................................... passed
Then waitForUrl('https://github.com/intuit/karate') ....................... passed
Given driver 'https://google.com' ......................................... passed
And input('input[name=q]', 'karate dsl') .................................. passed
When click('input[name=btnI]') ............................................ passed
Then waitForUrl('https://github.com/intuit/karate') ....................... passed
When click('{a}Find file') ................................................ passed
And def searchField = waitFor('input[name=query]') ........................ passed
Then match driver.url == 'https://github.com/intuit/karate/find/master' ... passed
When searchField.input('karate-logo.png') ................................. passed
Then def searchResults = waitForResultCount('.js-tree-browser-result-path', 2, '_.innerText') . passed
Then match searchResults contains 'karate-core/src/main/resources/karate-logo.png' . passed
Given driver 'https://semantic-ui.com/modules/dropdown.html' .............. failed

Stack Trace:
com.intuit.karate.exception.KarateException: web1.feature:33 - driver config / start failed: failed to get reply for: [id: 5, method: Browser.getWindowForTarget, params: {targetId=D6276D9DC3CA02D59DA73CED41023B1E}], options: {type=chrome, showDriverLog=true, target=null}&#13;
	at âœ½.Given driver 'https://semantic-ui.com/modules/dropdown.html' (web1.feature:33)&#13;

And def locator = "select[name=skills]" ................................... skipped
Then scroll(locator) ...................................................... skipped
And click(locator) ........................................................ skipped
And click('div[data-value=css]') .......................................... skipped
And click('div[data-value=html]') ......................................... skipped
And click('div[data-value=ember]') ........................................ skipped
And delay(1000) ........................................................... skipped</failure>
  </testcase>
</testsuite>
