<testsuite failures="3" name="jobtest/web/web1.feature" skipped="0" tests="3" time="573.295674">
  <testcase classname="jobtest.web.web1" name="try to login to github" time="190.613605">
    <failure message="web1.feature:6 - driver config / start failed: &#10;org.apache.http.conn.HttpHostConnectException: Connect to localhost:9222 [localhost/127.0.0.1, localhost/0:0:0:0:0:0:0:1] failed: Connection refused: connect, options: {type=chrome, showDriverLog=true, start=false, beforeStart=supervisorctl start ffmpeg, afterStop=supervisorctl stop ffmpeg, videoFile=/tmp/karate.mp4, target=null}">Given driver 'https://github.com/login' ................................... failed

Stack Trace:
com.intuit.karate.exception.KarateException: web1.feature:6 - driver config / start failed: 
org.apache.http.conn.HttpHostConnectException: Connect to localhost:9222 [localhost/127.0.0.1, localhost/0:0:0:0:0:0:0:1] failed: Connection refused: connect, options: {type=chrome, showDriverLog=true, start=false, beforeStart=supervisorctl start ffmpeg, afterStop=supervisorctl stop ffmpeg, videoFile=/tmp/karate.mp4, target=null}&#13;
	at ✽.Given driver 'https://github.com/login' (web1.feature:6)&#13;

And input('#login_field', 'dummy') ........................................ skipped
And input('#password', 'world') ........................................... skipped
When submit().click("input[name=commit]") ................................. skipped
Then match html('#js-flash-container') contains 'Incorrect username or password.' . skipped
Given driver 'https://google.com' ......................................... skipped
And input("input[name=q]", 'karate dsl') .................................. skipped
When submit().click("input[name=btnI]") ................................... skipped
Then waitForUrl('https://github.com/intuit/karate') ....................... skipped</failure>
  </testcase>
  <testcase classname="jobtest.web.web1" name="google search, land on the karate github page, and search for a file" time="191.920268">
    <failure message="web1.feature:19 - driver config / start failed: &#10;org.apache.http.conn.HttpHostConnectException: Connect to localhost:9222 [localhost/127.0.0.1, localhost/0:0:0:0:0:0:0:1] failed: Connection refused: connect, options: {type=chrome, showDriverLog=true, start=false, beforeStart=supervisorctl start ffmpeg, afterStop=supervisorctl stop ffmpeg, videoFile=/tmp/karate.mp4, target=null}">Given driver 'https://github.com/login' ................................... failed

Stack Trace:
com.intuit.karate.exception.KarateException: web1.feature:6 - driver config / start failed: 
org.apache.http.conn.HttpHostConnectException: Connect to localhost:9222 [localhost/127.0.0.1, localhost/0:0:0:0:0:0:0:1] failed: Connection refused: connect, options: {type=chrome, showDriverLog=true, start=false, beforeStart=supervisorctl start ffmpeg, afterStop=supervisorctl stop ffmpeg, videoFile=/tmp/karate.mp4, target=null}&#13;
	at ✽.Given driver 'https://github.com/login' (web1.feature:6)&#13;

And input('#login_field', 'dummy') ........................................ skipped
And input('#password', 'world') ........................................... skipped
When submit().click("input[name=commit]") ................................. skipped
Then match html('#js-flash-container') contains 'Incorrect username or password.' . skipped
Given driver 'https://google.com' ......................................... skipped
And input("input[name=q]", 'karate dsl') .................................. skipped
When submit().click("input[name=btnI]") ................................... skipped
Then waitForUrl('https://github.com/intuit/karate') ....................... skipped
Given driver 'https://google.com' ......................................... failed

Stack Trace:
com.intuit.karate.exception.KarateException: web1.feature:19 - driver config / start failed: 
org.apache.http.conn.HttpHostConnectException: Connect to localhost:9222 [localhost/127.0.0.1, localhost/0:0:0:0:0:0:0:1] failed: Connection refused: connect, options: {type=chrome, showDriverLog=true, start=false, beforeStart=supervisorctl start ffmpeg, afterStop=supervisorctl stop ffmpeg, videoFile=/tmp/karate.mp4, target=null}&#13;
	at ✽.Given driver 'https://google.com' (web1.feature:19)&#13;

And input('input[name=q]', 'karate dsl') .................................. skipped
When click('input[name=btnI]') ............................................ skipped
Then waitForUrl('https://github.com/intuit/karate') ....................... skipped
When click('{a}Find file') ................................................ skipped
And def searchField = waitFor('input[name=query]') ........................ skipped
Then match driver.url == 'https://github.com/intuit/karate/find/master' ... skipped
When searchField.input('karate-logo.png') ................................. skipped
Then def searchResults = waitForResultCount('.js-tree-browser-result-path', 2, '_.innerText') . skipped
Then match searchResults contains 'karate-core/src/main/resources/karate-logo.png' . skipped</failure>
  </testcase>
  <testcase classname="jobtest.web.web1" name="test-automation challenge" time="190.761801">
    <failure message="web1.feature:33 - driver config / start failed: &#10;org.apache.http.conn.HttpHostConnectException: Connect to localhost:9222 [localhost/127.0.0.1, localhost/0:0:0:0:0:0:0:1] failed: Connection refused: connect, options: {type=chrome, showDriverLog=true, start=false, beforeStart=supervisorctl start ffmpeg, afterStop=supervisorctl stop ffmpeg, videoFile=/tmp/karate.mp4, target=null}">Given driver 'https://github.com/login' ................................... failed

Stack Trace:
com.intuit.karate.exception.KarateException: web1.feature:6 - driver config / start failed: 
org.apache.http.conn.HttpHostConnectException: Connect to localhost:9222 [localhost/127.0.0.1, localhost/0:0:0:0:0:0:0:1] failed: Connection refused: connect, options: {type=chrome, showDriverLog=true, start=false, beforeStart=supervisorctl start ffmpeg, afterStop=supervisorctl stop ffmpeg, videoFile=/tmp/karate.mp4, target=null}&#13;
	at ✽.Given driver 'https://github.com/login' (web1.feature:6)&#13;

And input('#login_field', 'dummy') ........................................ skipped
And input('#password', 'world') ........................................... skipped
When submit().click("input[name=commit]") ................................. skipped
Then match html('#js-flash-container') contains 'Incorrect username or password.' . skipped
Given driver 'https://google.com' ......................................... skipped
And input("input[name=q]", 'karate dsl') .................................. skipped
When submit().click("input[name=btnI]") ................................... skipped
Then waitForUrl('https://github.com/intuit/karate') ....................... skipped
Given driver 'https://google.com' ......................................... failed

Stack Trace:
com.intuit.karate.exception.KarateException: web1.feature:19 - driver config / start failed: 
org.apache.http.conn.HttpHostConnectException: Connect to localhost:9222 [localhost/127.0.0.1, localhost/0:0:0:0:0:0:0:1] failed: Connection refused: connect, options: {type=chrome, showDriverLog=true, start=false, beforeStart=supervisorctl start ffmpeg, afterStop=supervisorctl stop ffmpeg, videoFile=/tmp/karate.mp4, target=null}&#13;
	at ✽.Given driver 'https://google.com' (web1.feature:19)&#13;

And input('input[name=q]', 'karate dsl') .................................. skipped
When click('input[name=btnI]') ............................................ skipped
Then waitForUrl('https://github.com/intuit/karate') ....................... skipped
When click('{a}Find file') ................................................ skipped
And def searchField = waitFor('input[name=query]') ........................ skipped
Then match driver.url == 'https://github.com/intuit/karate/find/master' ... skipped
When searchField.input('karate-logo.png') ................................. skipped
Then def searchResults = waitForResultCount('.js-tree-browser-result-path', 2, '_.innerText') . skipped
Then match searchResults contains 'karate-core/src/main/resources/karate-logo.png' . skipped
Given driver 'https://semantic-ui.com/modules/dropdown.html' .............. failed

Stack Trace:
com.intuit.karate.exception.KarateException: web1.feature:33 - driver config / start failed: 
org.apache.http.conn.HttpHostConnectException: Connect to localhost:9222 [localhost/127.0.0.1, localhost/0:0:0:0:0:0:0:1] failed: Connection refused: connect, options: {type=chrome, showDriverLog=true, start=false, beforeStart=supervisorctl start ffmpeg, afterStop=supervisorctl stop ffmpeg, videoFile=/tmp/karate.mp4, target=null}&#13;
	at ✽.Given driver 'https://semantic-ui.com/modules/dropdown.html' (web1.feature:33)&#13;

And def locator = "select[name=skills]" ................................... skipped
Then scroll(locator) ...................................................... skipped
And click(locator) ........................................................ skipped
And click('div[data-value=css]') .......................................... skipped
And click('div[data-value=html]') ......................................... skipped
And click('div[data-value=ember]') ........................................ skipped
And delay(1000) ........................................................... skipped</failure>
  </testcase>
</testsuite>
