<?xml version="1.0" encoding="UTF-8"?>
<testng-results skipped="0" failed="0" total="2" passed="2">
  <reporter-output>
  </reporter-output>
  <suite name="Default suite" duration-ms="20152" started-at="2020-01-31T00:58:29Z" finished-at="2020-01-31T00:58:49Z">
    <groups>
      <group name="cucumber">
        <method signature="AbstractTestNGCucumberTests.feature(cucumber.api.testng.CucumberFeatureWrapper)[pri:0, instance:com.revature.behaviortests.TestRunner@224edc67]" name="feature" class="cucumber.api.testng.AbstractTestNGCucumberTests"/>
      </group> <!-- cucumber -->
    </groups>
    <test name="Default test" duration-ms="20152" started-at="2020-01-31T00:58:29Z" finished-at="2020-01-31T00:58:49Z">
      <class name="com.revature.behaviortests.TestRunner">
        <test-method status="PASS" signature="setUpClass()[pri:0, instance:com.revature.behaviortests.TestRunner@224edc67]" name="setUpClass" is-config="true" duration-ms="214" started-at="2020-01-30T19:58:29Z" finished-at="2020-01-30T19:58:29Z">
          <reporter-output>
          </reporter-output>
        </test-method> <!-- setUpClass -->
        <test-method status="PASS" signature="feature(cucumber.api.testng.CucumberFeatureWrapper)[pri:0, instance:com.revature.behaviortests.TestRunner@224edc67]" name="feature" duration-ms="9807" started-at="2020-01-30T19:58:29Z" description="Runs Cucumber Feature" data-provider="features" finished-at="2020-01-30T19:58:39Z">
          <params>
            <param index="0">
              <value>
                <![CDATA[Wikipedia supports many languages]]>
              </value>
            </param>
          </params>
          <reporter-output>
          </reporter-output>
        </test-method> <!-- feature -->
        <test-method status="PASS" signature="feature(cucumber.api.testng.CucumberFeatureWrapper)[pri:0, instance:com.revature.behaviortests.TestRunner@224edc67]" name="feature" duration-ms="10043" started-at="2020-01-30T19:58:39Z" description="Runs Cucumber Feature" data-provider="features" finished-at="2020-01-30T19:58:49Z">
          <params>
            <param index="0">
              <value>
                <![CDATA[Searching of Wikipedia]]>
              </value>
            </param>
          </params>
          <reporter-output>
          </reporter-output>
        </test-method> <!-- feature -->
        <test-method status="PASS" signature="tearDownClass()[pri:0, instance:com.revature.behaviortests.TestRunner@224edc67]" name="tearDownClass" is-config="true" duration-ms="2" started-at="2020-01-30T19:58:49Z" finished-at="2020-01-30T19:58:49Z">
          <reporter-output>
          </reporter-output>
        </test-method> <!-- tearDownClass -->
        <test-method status="PASS" signature="teardown()[pri:0, instance:com.revature.behaviortests.TestRunner@224edc67]" name="teardown" is-config="true" duration-ms="1704" started-at="2020-01-30T19:58:49Z" finished-at="2020-01-30T19:58:51Z">
          <reporter-output>
          </reporter-output>
        </test-method> <!-- teardown -->
      </class> <!-- com.revature.behaviortests.TestRunner -->
    </test> <!-- Default test -->
  </suite> <!-- Default suite -->
</testng-results>
